Using pre-set license
Built from '2020.3/release' branch; Version is '2020.3.2f1 (8fd9074bf66c) revision 9427207'; Using compiler version '192528614'; Build Type 'Release'
OS: 'Windows 10 Pro; OS build 19042.1288; Version 2009; 64bit' Language: 'ko' Physical Memory: 10222 MB
BatchMode: 1, IsHumanControllingUs: 0, StartBugReporterOnCrash: 0, Is64bit: 1, IsPro: 0

 COMMAND LINE ARGUMENTS:
D:\unity\2020.3.2f1\Editor\Unity.exe
-adb2
-batchMode
-noUpm
-name
AssetImportWorker2
-projectPath
D:/unity/ShootingRun
-logFile
Logs/AssetImportWorker2.log
-srvPort
8816
Successfully changed project path to: D:/unity/ShootingRun
D:/unity/ShootingRun
Using Asset Import Pipeline V2.
Refreshing native plugins compatible for Editor in 514.39 ms, found 2 plugins.
Preloading 0 native plugins for Editor in 0.00 ms.
Initialize engine version: 2020.3.2f1 (8fd9074bf66c)
[Subsystems] Discovering subsystems at path D:/unity/2020.3.2f1/Editor/Data/Resources/UnitySubsystems
[Subsystems] Discovering subsystems at path D:/unity/ShootingRun/Assets
GfxDevice: creating device client; threaded=0
Direct3D:
    Version:  Direct3D 11.0 [level 11.0]
    Renderer: AMD Radeon HD 6450 (ID=0x6779)
    Vendor:   
    VRAM:     1008 MB
    Driver:   15.201.1151.1008
Shader 'Universal Render Pipeline/Particles/Lit': fallback shader 'Universal Render Pipeline/Particles/SimpleLit' not found
Shader 'CurvedShader': fallback shader 'Mobile/Unlit' not found
Initialize mono
Mono path[0] = 'D:/unity/2020.3.2f1/Editor/Data/Managed'
Mono path[1] = 'D:/unity/2020.3.2f1/Editor/Data/MonoBleedingEdge/lib/mono/unityjit'
Mono config path = 'D:/unity/2020.3.2f1/Editor/Data/MonoBleedingEdge/etc'
Using monoOptions --debugger-agent=transport=dt_socket,embedding=1,server=y,suspend=n,address=127.0.0.1:56748
Begin MonoManager ReloadAssembly
Registering precompiled unity dll's ...
Register platform support module: D:/unity/2020.3.2f1/Editor/Data/PlaybackEngines/WindowsStandaloneSupport/UnityEditor.WindowsStandalone.Extensions.dll
Registered in 0.004358 seconds.
Native extension for WindowsStandalone target not found
Refreshing native plugins compatible for Editor in 320.56 ms, found 2 plugins.
Preloading 0 native plugins for Editor in 0.00 ms.
Invoked RoslynAnalysisRunner static constructor.
RoslynAnalysisRunner will not be running.
RoslynAnalysisRunner has terminated.
Mono: successfully reloaded assembly
- Completed reload, in  4.237 seconds
Platform modules already initialized, skipping
Registering precompiled user dll's ...
Registered in 0.018610 seconds.
Begin MonoManager ReloadAssembly
Native extension for WindowsStandalone target not found
Refreshing native plugins compatible for Editor in 343.29 ms, found 2 plugins.
Preloading 0 native plugins for Editor in 0.00 ms.
Invoked RoslynAnalysisRunner static constructor.
RoslynAnalysisRunner will not be running.
RoslynAnalysisRunner has terminated.
Mono: successfully reloaded assembly
- Completed reload, in  3.745 seconds
Platform modules already initialized, skipping
========================================================================
Worker process is ready to serve import requests
Shader 'CurvedShader': fallback shader 'Mobile/Unlit' not found
Shader 'Universal Render Pipeline/Particles/Lit': fallback shader 'Universal Render Pipeline/Particles/SimpleLit' not found
Launched and connected shader compiler UnityShaderCompiler.exe after 0.19 seconds
D3D shader create error for vertex shader [0x80070057]
D3D shader create error for vertex shader [0x80070057]
D3D shader create error for vertex shader [0x80070057]
D3D shader create error for domain shader [0x80070057]
D3D shader create error for domain shader [0x80070057]
D3D shader create error for pixel shader [0x80070057]
D3D shader create error for vertex shader [0x80070057]
Refreshing native plugins compatible for Editor in 3.68 ms, found 2 plugins.
Preloading 0 native plugins for Editor in 0.00 ms.
Unloading 4276 Unused Serialized files (Serialized files now loaded: 0)
System memory in use before: 316.5 MB.
System memory in use after: 316.4 MB.

Unloading 27 unused Assets to reduce memory usage. Loaded Objects now: 4789.
Total: 7.600900 ms (FindLiveObjects: 0.774600 ms CreateObjectMapping: 0.359800 ms MarkObjects: 5.551500 ms  DeleteObjects: 0.912100 ms)

========================================================================
Received Import Request.
  path: Assets/0.Scenes/MainMenu.unity
  artifactKey: Guid(32119a3be403f604c88e1af2bd2653ff) Importer(815301076,1909f56bfc062723c751e8b465ee728b)
Start importing Assets/0.Scenes/MainMenu.unity using Guid(32119a3be403f604c88e1af2bd2653ff) Importer(815301076,1909f56bfc062723c751e8b465ee728b)  -> (artifact id: '170b2f0908ebfd8bf6b8116192d4157d') in 0.057332 seconds
  Import took 0.074348 seconds .

========================================================================
Received Import Request.
  Time since last request: 153.663379 seconds.
  path: Assets/5.UI/Sprites/Gun/svd.png
  artifactKey: Guid(69577ecff9af8f24f948c462f8aae7fd) Importer(815301076,1909f56bfc062723c751e8b465ee728b)
Start importing Assets/5.UI/Sprites/Gun/svd.png using Guid(69577ecff9af8f24f948c462f8aae7fd) Importer(815301076,1909f56bfc062723c751e8b465ee728b)  -> (artifact id: 'c2b44b77474d3ec9aeab8e65a5527082') in 0.625322 seconds
  Import took 0.642588 seconds .

========================================================================
Received Import Request.
  Time since last request: 0.001244 seconds.
  path: Assets/5.UI/Sprites/Gun/svd.png
  artifactKey: Guid(69577ecff9af8f24f948c462f8aae7fd) Importer(815301076,1909f56bfc062723c751e8b465ee728b)
Start importing Assets/5.UI/Sprites/Gun/svd.png using Guid(69577ecff9af8f24f948c462f8aae7fd) Importer(815301076,1909f56bfc062723c751e8b465ee728b)  -> (artifact id: 'c2b44b77474d3ec9aeab8e65a5527082') in 0.036123 seconds
  Import took 0.051199 seconds .

========================================================================
Received Import Request.
  Time since last request: 1.707854 seconds.
  path: Assets/5.UI/Sprites/Gun/menu_bullet.png
  artifactKey: Guid(87dcb1a9352ac8844934b0b3cbe985cb) Importer(815301076,1909f56bfc062723c751e8b465ee728b)
Start importing Assets/5.UI/Sprites/Gun/menu_bullet.png using Guid(87dcb1a9352ac8844934b0b3cbe985cb) Importer(815301076,1909f56bfc062723c751e8b465ee728b)  -> (artifact id: '106da465a1a9ec5d80c39e1e34e300d5') in 0.035187 seconds
  Import took 0.051274 seconds .

========================================================================
Received Import Request.
  Time since last request: 0.005466 seconds.
  path: Assets/5.UI/Sprites/Gun/menu_bullet.png
  artifactKey: Guid(87dcb1a9352ac8844934b0b3cbe985cb) Importer(815301076,1909f56bfc062723c751e8b465ee728b)
Start importing Assets/5.UI/Sprites/Gun/menu_bullet.png using Guid(87dcb1a9352ac8844934b0b3cbe985cb) Importer(815301076,1909f56bfc062723c751e8b465ee728b)  -> (artifact id: '106da465a1a9ec5d80c39e1e34e300d5') in 0.026211 seconds
  Import took 0.044308 seconds .

========================================================================
Received Import Request.
  Time since last request: 75.534018 seconds.
  path: Assets/5.UI/Sprites/Gun/pbr.png
  artifactKey: Guid(cd039b4b257a7a84ebd83113a32647db) Importer(815301076,1909f56bfc062723c751e8b465ee728b)
Start importing Assets/5.UI/Sprites/Gun/pbr.png using Guid(cd039b4b257a7a84ebd83113a32647db) Importer(815301076,1909f56bfc062723c751e8b465ee728b)  -> (artifact id: '53ccebce7a99183f2b5d2d9299b82fa2') in 0.031896 seconds
  Import took 0.052731 seconds .

========================================================================
Received Import Request.
  Time since last request: 34.480371 seconds.
  path: Assets/5.UI/Sprites/Gun/m107.png
  artifactKey: Guid(c513a593b63f7fb45a3a1bda26c714d0) Importer(815301076,1909f56bfc062723c751e8b465ee728b)
Start importing Assets/5.UI/Sprites/Gun/m107.png using Guid(c513a593b63f7fb45a3a1bda26c714d0) Importer(815301076,1909f56bfc062723c751e8b465ee728b)  -> (artifact id: '31276576087e4e7f49b783e64ec183b7') in 0.022493 seconds
  Import took 0.036336 seconds .

========================================================================
Received Import Request.
  Time since last request: 211.308116 seconds.
  path: Assets/5.UI/Sprites/Gun/m1911.png
  artifactKey: Guid(69577ecff9af8f24f948c462f8aae7fd) Importer(815301076,1909f56bfc062723c751e8b465ee728b)
Start importing Assets/5.UI/Sprites/Gun/m1911.png using Guid(69577ecff9af8f24f948c462f8aae7fd) Importer(815301076,1909f56bfc062723c751e8b465ee728b)  -> (artifact id: '06823a519efda100cef3a618248a7c69') in 0.024317 seconds
  Import took 0.038838 seconds .

========================================================================
Received Import Request.
  Time since last request: 93.973092 seconds.
  path: Assets/5.UI/Sprites/Gun/PBR 1.png
  artifactKey: Guid(6f60b4ce4bb1fcd4bb3c4c8b0e8123be) Importer(815301076,1909f56bfc062723c751e8b465ee728b)
Start importing Assets/5.UI/Sprites/Gun/PBR 1.png using Guid(6f60b4ce4bb1fcd4bb3c4c8b0e8123be) Importer(815301076,1909f56bfc062723c751e8b465ee728b)  -> (artifact id: '2a21d86a84579427068b94a8d0afd1ac') in 0.036127 seconds
  Import took 0.049498 seconds .

========================================================================
Received Import Request.
  Time since last request: 4.630328 seconds.
  path: Assets/5.UI/Sprites/Gun/m1911.png
  artifactKey: Guid(6f60b4ce4bb1fcd4bb3c4c8b0e8123be) Importer(815301076,1909f56bfc062723c751e8b465ee728b)
Start importing Assets/5.UI/Sprites/Gun/m1911.png using Guid(6f60b4ce4bb1fcd4bb3c4c8b0e8123be) Importer(815301076,1909f56bfc062723c751e8b465ee728b)  -> (artifact id: '3fa81d2425c59d90cf574d4a0b3094aa') in 0.023745 seconds
  Import took 0.041336 seconds .

========================================================================
Received Import Request.
  Time since last request: 3.738307 seconds.
  path: Assets/5.UI/Sprites/Gun/m1911.png
  artifactKey: Guid(6f60b4ce4bb1fcd4bb3c4c8b0e8123be) Importer(815301076,1909f56bfc062723c751e8b465ee728b)
Start importing Assets/5.UI/Sprites/Gun/m1911.png using Guid(6f60b4ce4bb1fcd4bb3c4c8b0e8123be) Importer(815301076,1909f56bfc062723c751e8b465ee728b)  -> (artifact id: '99b5f7071a36e9e00719c9b48f24862b') in 0.028399 seconds
  Import took 0.041188 seconds .

========================================================================
Received Import Request.
  Time since last request: 1447.799178 seconds.
  path: Assets/0.Scenes/MainMenu.unity
  artifactKey: Guid(32119a3be403f604c88e1af2bd2653ff) Importer(815301076,1909f56bfc062723c751e8b465ee728b)
Start importing Assets/0.Scenes/MainMenu.unity using Guid(32119a3be403f604c88e1af2bd2653ff) Importer(815301076,1909f56bfc062723c751e8b465ee728b)  -> (artifact id: 'f134eb08e3c969233db3824b6ac0f83a') in 0.012715 seconds
  Import took 0.028509 seconds .

========================================================================
Received Import Request.
  Time since last request: 0.698005 seconds.
  path: Assets/0.Scenes/StageScene.unity
  artifactKey: Guid(9fc0d4010bbf28b4594072e72b8655ab) Importer(815301076,1909f56bfc062723c751e8b465ee728b)
Start importing Assets/0.Scenes/StageScene.unity using Guid(9fc0d4010bbf28b4594072e72b8655ab) Importer(815301076,1909f56bfc062723c751e8b465ee728b)  -> (artifact id: '96fe16f179904283b10225b5bbebd0a8') in 0.013509 seconds
  Import took 0.029709 seconds .

========================================================================
Received Prepare
Registering precompiled user dll's ...
Registered in 0.017937 seconds.
Begin MonoManager ReloadAssembly
Native extension for WindowsStandalone target not found
Refreshing native plugins compatible for Editor in 1.84 ms, found 2 plugins.
Preloading 0 native plugins for Editor in 0.00 ms.
Invoked RoslynAnalysisRunner static constructor.
RoslynAnalysisRunner will not be running.
RoslynAnalysisRunner has terminated.
Mono: successfully reloaded assembly
- Completed reload, in  2.392 seconds
Platform modules already initialized, skipping
Switching build target platform(5) subTarget(0) extendedPlatform(0) -> platform(13) subTarget(537395200) extendedPlatform(0)
Shader 'CurvedShader': fallback shader 'Mobile/Unlit' not found
Shader 'Universal Render Pipeline/Particles/Lit': fallback shader 'Universal Render Pipeline/Particles/SimpleLit' not found
Refreshing native plugins compatible for Editor in 1.87 ms, found 2 plugins.
Preloading 0 native plugins for Editor in 0.00 ms.
Unloading 4029 Unused Serialized files (Serialized files now loaded: 0)
System memory in use before: 292.1 MB.
System memory in use after: 292.1 MB.

Unloading 23 unused Assets to reduce memory usage. Loaded Objects now: 4836.
Total: 4.287800 ms (FindLiveObjects: 0.429000 ms CreateObjectMapping: 0.188300 ms MarkObjects: 3.244200 ms  DeleteObjects: 0.423600 ms)

AssetImportParameters requested are different than current active one (requested -> active):
  custom:graphics/normal-map-encoding: 01000000000000000000000000000000 -> 02000000000000000000000000000000
AssetImportWorkerClient::OnTransportError - code=2 error=End of file
