Using pre-set license
Built from '2020.3/release' branch; Version is '2020.3.2f1 (8fd9074bf66c) revision 9427207'; Using compiler version '192528614'; Build Type 'Release'
OS: 'Windows 10 Pro; OS build 19042.1110; Version 2009; 64bit' Language: 'ko' Physical Memory: 10222 MB
BatchMode: 1, IsHumanControllingUs: 0, StartBugReporterOnCrash: 0, Is64bit: 1, IsPro: 0

 COMMAND LINE ARGUMENTS:
D:\unity\2020.3.2f1\Editor\Unity.exe
-adb2
-batchMode
-noUpm
-name
AssetImportWorker0
-projectPath
D:/unity/ShootingRun
-logFile
Logs/AssetImportWorker0.log
-srvPort
8337
Successfully changed project path to: D:/unity/ShootingRun
D:/unity/ShootingRun
Using Asset Import Pipeline V2.
Refreshing native plugins compatible for Editor in 324.24 ms, found 2 plugins.
Preloading 0 native plugins for Editor in 0.00 ms.
Initialize engine version: 2020.3.2f1 (8fd9074bf66c)
[Subsystems] Discovering subsystems at path D:/unity/2020.3.2f1/Editor/Data/Resources/UnitySubsystems
[Subsystems] Discovering subsystems at path D:/unity/ShootingRun/Assets
GfxDevice: creating device client; threaded=0
Direct3D:
    Version:  Direct3D 11.0 [level 11.0]
    Renderer: AMD Radeon HD 6450 (ID=0x6779)
    Vendor:   
    VRAM:     1008 MB
    Driver:   15.201.1151.1008
Initialize mono
Mono path[0] = 'D:/unity/2020.3.2f1/Editor/Data/Managed'
Mono path[1] = 'D:/unity/2020.3.2f1/Editor/Data/MonoBleedingEdge/lib/mono/unityjit'
Mono config path = 'D:/unity/2020.3.2f1/Editor/Data/MonoBleedingEdge/etc'
Using monoOptions --debugger-agent=transport=dt_socket,embedding=1,server=y,suspend=n,address=127.0.0.1:56364
Begin MonoManager ReloadAssembly
Registering precompiled unity dll's ...
Register platform support module: D:/unity/2020.3.2f1/Editor/Data/PlaybackEngines/WindowsStandaloneSupport/UnityEditor.WindowsStandalone.Extensions.dll
Registered in 0.015977 seconds.
Native extension for WindowsStandalone target not found
Refreshing native plugins compatible for Editor in 94.31 ms, found 2 plugins.
Preloading 0 native plugins for Editor in 0.00 ms.
Invoked RoslynAnalysisRunner static constructor.
RoslynAnalysisRunner will not be running.
RoslynAnalysisRunner has terminated.
Mono: successfully reloaded assembly
- Completed reload, in  4.613 seconds
Platform modules already initialized, skipping
Registering precompiled user dll's ...
Registered in 0.040786 seconds.
Begin MonoManager ReloadAssembly
Native extension for WindowsStandalone target not found
Refreshing native plugins compatible for Editor in 1.02 ms, found 2 plugins.
Preloading 0 native plugins for Editor in 0.00 ms.
Invoked RoslynAnalysisRunner static constructor.
RoslynAnalysisRunner will not be running.
RoslynAnalysisRunner has terminated.
Mono: successfully reloaded assembly
- Completed reload, in  1.673 seconds
Platform modules already initialized, skipping
========================================================================
Worker process is ready to serve import requests
Launched and connected shader compiler UnityShaderCompiler.exe after 0.32 seconds
Refreshing native plugins compatible for Editor in 2.03 ms, found 2 plugins.
Preloading 0 native plugins for Editor in 0.00 ms.
Unloading 1687 Unused Serialized files (Serialized files now loaded: 0)
System memory in use before: 185.1 MB.
System memory in use after: 184.9 MB.

Unloading 26 unused Assets to reduce memory usage. Loaded Objects now: 2163.
Total: 3.822700 ms (FindLiveObjects: 0.249200 ms CreateObjectMapping: 0.086600 ms MarkObjects: 2.780900 ms  DeleteObjects: 0.703200 ms)

========================================================================
Received Import Request.
  path: Assets/GUI_Kit_Casual_Game/ResourcesData/Sprite/Common/top_btn_right.png
  artifactKey: Guid(f337ec50763134ed1bbb82848ae3b024) Importer(815301076,1909f56bfc062723c751e8b465ee728b)
Start importing Assets/GUI_Kit_Casual_Game/ResourcesData/Sprite/Common/top_btn_right.png using Guid(f337ec50763134ed1bbb82848ae3b024) Importer(815301076,1909f56bfc062723c751e8b465ee728b)  -> (artifact id: 'b37802d5ee893d744a1a3192d8e6d71c') in 0.672901 seconds
  Import took 0.684249 seconds .

========================================================================
Received Import Request.
  Time since last request: 0.000442 seconds.
  path: Assets/GUI_Kit_Casual_Game/ResourcesData/Sprite/Common/top_btn_icon_setting.png
  artifactKey: Guid(d6cce558fcc344f4ea971d01b01edaa6) Importer(815301076,1909f56bfc062723c751e8b465ee728b)
Start importing Assets/GUI_Kit_Casual_Game/ResourcesData/Sprite/Common/top_btn_icon_setting.png using Guid(d6cce558fcc344f4ea971d01b01edaa6) Importer(815301076,1909f56bfc062723c751e8b465ee728b)  -> (artifact id: 'bd1d90bf7c7bed00792e73c464e1c256') in 0.100124 seconds
  Import took 0.109046 seconds .

========================================================================
Received Import Request.
  Time since last request: 0.000217 seconds.
  path: Assets/GUI_Kit_Casual_Game/ResourcesData/Sprite/Common/top_status_bg_white.png
  artifactKey: Guid(3a057b166165546afb4bab7fbec93a29) Importer(815301076,1909f56bfc062723c751e8b465ee728b)
Start importing Assets/GUI_Kit_Casual_Game/ResourcesData/Sprite/Common/top_status_bg_white.png using Guid(3a057b166165546afb4bab7fbec93a29) Importer(815301076,1909f56bfc062723c751e8b465ee728b)  -> (artifact id: '95c1c4ae98f5b3b3ee727126dddb17bf') in 0.117209 seconds
  Import took 0.125355 seconds .

========================================================================
Received Import Request.
  Time since last request: 0.000461 seconds.
  path: Assets/GUI_Kit_Casual_Game/ResourcesData/Sprite/Common/top_btn_icon_back.png
  artifactKey: Guid(b78e1c94f1bcb42a7996ce616745e100) Importer(815301076,1909f56bfc062723c751e8b465ee728b)
Start importing Assets/GUI_Kit_Casual_Game/ResourcesData/Sprite/Common/top_btn_icon_back.png using Guid(b78e1c94f1bcb42a7996ce616745e100) Importer(815301076,1909f56bfc062723c751e8b465ee728b)  -> (artifact id: 'd21b87376cab0f93de113687a1ff0a05') in 0.096258 seconds
  Import took 0.105845 seconds .

========================================================================
Received Import Request.
  Time since last request: 0.000564 seconds.
  path: Assets/GUI_Kit_Casual_Game/ResourcesData/Sprite/Common/text_deco_line_right.png
  artifactKey: Guid(51bc7f9398cc24aff81f13855411d2d4) Importer(815301076,1909f56bfc062723c751e8b465ee728b)
Start importing Assets/GUI_Kit_Casual_Game/ResourcesData/Sprite/Common/text_deco_line_right.png using Guid(51bc7f9398cc24aff81f13855411d2d4) Importer(815301076,1909f56bfc062723c751e8b465ee728b)  -> (artifact id: '2f4e18719bba12deb28156f12d782436') in 0.076953 seconds
  Import took 0.098085 seconds .

========================================================================
Received Import Request.
  Time since last request: 0.000487 seconds.
  path: Assets/GUI_Kit_Casual_Game/ResourcesData/Sprite/Common/top_status_icon_energy.png
  artifactKey: Guid(8865df1114fa24fed914687ef9ce0ce8) Importer(815301076,1909f56bfc062723c751e8b465ee728b)
Start importing Assets/GUI_Kit_Casual_Game/ResourcesData/Sprite/Common/top_status_icon_energy.png using Guid(8865df1114fa24fed914687ef9ce0ce8) Importer(815301076,1909f56bfc062723c751e8b465ee728b)  -> (artifact id: '4fc46eaee6c7ae2f14c57c87f733f492') in 0.104290 seconds
  Import took 0.114903 seconds .

========================================================================
Received Import Request.
  Time since last request: 0.000128 seconds.
  path: Assets/GUI_Kit_Casual_Game/ResourcesData/Sprite/Common/txt_input_field_d.png
  artifactKey: Guid(69182636b3efa4063b1a80e916b2d312) Importer(815301076,1909f56bfc062723c751e8b465ee728b)
Start importing Assets/GUI_Kit_Casual_Game/ResourcesData/Sprite/Common/txt_input_field_d.png using Guid(69182636b3efa4063b1a80e916b2d312) Importer(815301076,1909f56bfc062723c751e8b465ee728b)  -> (artifact id: 'ba86b6a78b65eadce08be7cb88dd8a6d') in 0.138894 seconds
  Import took 0.146246 seconds .

========================================================================
Received Import Request.
  Time since last request: 0.000162 seconds.
  path: Assets/GUI_Kit_Casual_Game/ResourcesData/Sprite/Common/top_status_icon_gem.png
  artifactKey: Guid(6d034811652a84633bc8c63d22ce5574) Importer(815301076,1909f56bfc062723c751e8b465ee728b)
Start importing Assets/GUI_Kit_Casual_Game/ResourcesData/Sprite/Common/top_status_icon_gem.png using Guid(6d034811652a84633bc8c63d22ce5574) Importer(815301076,1909f56bfc062723c751e8b465ee728b)  -> (artifact id: '03f91950b07d99c11e46cad701f7af1f') in 0.085430 seconds
  Import took 0.097732 seconds .

========================================================================
Received Import Request.
  Time since last request: 0.000473 seconds.
  path: Assets/GUI_Kit_Casual_Game/ResourcesData/Sprite/Common/user_level_bar_blue.png
  artifactKey: Guid(4c95714486ef949438634bdbd26b8887) Importer(815301076,1909f56bfc062723c751e8b465ee728b)
Start importing Assets/GUI_Kit_Casual_Game/ResourcesData/Sprite/Common/user_level_bar_blue.png using Guid(4c95714486ef949438634bdbd26b8887) Importer(815301076,1909f56bfc062723c751e8b465ee728b)  -> (artifact id: '78560677cbd0b500fb2d2c1f840e14b9') in 0.105809 seconds
  Import took 0.113040 seconds .

========================================================================
Received Import Request.
  Time since last request: 0.000449 seconds.
  path: Assets/GUI_Kit_Casual_Game/ResourcesData/Sprite/Common/toast_popup_bg.png
  artifactKey: Guid(e544a06ddd05f42fd879ce1fbe06593c) Importer(815301076,1909f56bfc062723c751e8b465ee728b)
Start importing Assets/GUI_Kit_Casual_Game/ResourcesData/Sprite/Common/toast_popup_bg.png using Guid(e544a06ddd05f42fd879ce1fbe06593c) Importer(815301076,1909f56bfc062723c751e8b465ee728b)  -> (artifact id: '9e58e1da3ec32490995161203d3ef192') in 0.071005 seconds
  Import took 0.078308 seconds .

========================================================================
Received Import Request.
  Time since last request: 0.000383 seconds.
  path: Assets/GUI_Kit_Casual_Game/ResourcesData/Sprite/Common/text_deco_line_left.png
  artifactKey: Guid(af96c8555362c4b7fba005304d49b573) Importer(815301076,1909f56bfc062723c751e8b465ee728b)
Start importing Assets/GUI_Kit_Casual_Game/ResourcesData/Sprite/Common/text_deco_line_left.png using Guid(af96c8555362c4b7fba005304d49b573) Importer(815301076,1909f56bfc062723c751e8b465ee728b)  -> (artifact id: '0bcaecafd9215a5af4057f925fb002b7') in 0.033784 seconds
  Import took 0.041648 seconds .

========================================================================
Received Import Request.
  Time since last request: 0.000450 seconds.
  path: Assets/GUI_Kit_Casual_Game/ResourcesData/Sprite/Common/user_level_bar_bg.png
  artifactKey: Guid(1c003fff2a78f4a4fa6e0a7be1fb3cbd) Importer(815301076,1909f56bfc062723c751e8b465ee728b)
Start importing Assets/GUI_Kit_Casual_Game/ResourcesData/Sprite/Common/user_level_bar_bg.png using Guid(1c003fff2a78f4a4fa6e0a7be1fb3cbd) Importer(815301076,1909f56bfc062723c751e8b465ee728b)  -> (artifact id: '9fe07ef5aca38191e5e01bf84365b134') in 0.030852 seconds
  Import took 0.037138 seconds .

========================================================================
Received Import Request.
  Time since last request: 0.000436 seconds.
  path: Assets/GUI_Kit_Casual_Game/ResourcesData/Sprite/Common/top_status_btn_get_purple.png
  artifactKey: Guid(4e61e7096fc78431092f4d337536ef68) Importer(815301076,1909f56bfc062723c751e8b465ee728b)
Start importing Assets/GUI_Kit_Casual_Game/ResourcesData/Sprite/Common/top_status_btn_get_purple.png using Guid(4e61e7096fc78431092f4d337536ef68) Importer(815301076,1909f56bfc062723c751e8b465ee728b)  -> (artifact id: 'ddf2dafb08b36208d6bb83943967cd81') in 0.039693 seconds
  Import took 0.046065 seconds .

========================================================================
Received Import Request.
  Time since last request: 0.000375 seconds.
  path: Assets/GUI_Kit_Casual_Game/ResourcesData/Sprite/Common/time_icon.png
  artifactKey: Guid(46d84f4d841ad44fea3559615f6ed9d2) Importer(815301076,1909f56bfc062723c751e8b465ee728b)
Start importing Assets/GUI_Kit_Casual_Game/ResourcesData/Sprite/Common/time_icon.png using Guid(46d84f4d841ad44fea3559615f6ed9d2) Importer(815301076,1909f56bfc062723c751e8b465ee728b)  -> (artifact id: 'cf723019123bdb997b7e2632e910b236') in 0.075494 seconds
  Import took 0.081795 seconds .

========================================================================
Received Import Request.
  Time since last request: 0.000434 seconds.
  path: Assets/GUI_Kit_Casual_Game/ResourcesData/Sprite/Common/top_status_icon_gold.png
  artifactKey: Guid(33effd6735e414dc7b70ded5e8bb47f8) Importer(815301076,1909f56bfc062723c751e8b465ee728b)
Start importing Assets/GUI_Kit_Casual_Game/ResourcesData/Sprite/Common/top_status_icon_gold.png using Guid(33effd6735e414dc7b70ded5e8bb47f8) Importer(815301076,1909f56bfc062723c751e8b465ee728b)  -> (artifact id: '8e24d527be7750577b6aca391a316234') in 0.041280 seconds
  Import took 0.049482 seconds .

========================================================================
Received Import Request.
  Time since last request: 0.000418 seconds.
  path: Assets/GUI_Kit_Casual_Game/ResourcesData/Sprite/Common/user_level_bg.png
  artifactKey: Guid(8204a346530a44e11a8f7a16aed74e85) Importer(815301076,1909f56bfc062723c751e8b465ee728b)
Start importing Assets/GUI_Kit_Casual_Game/ResourcesData/Sprite/Common/user_level_bg.png using Guid(8204a346530a44e11a8f7a16aed74e85) Importer(815301076,1909f56bfc062723c751e8b465ee728b)  -> (artifact id: '88673c7cdc5d04f77d94caa41a54ccd7') in 0.038383 seconds
  Import took 0.043977 seconds .

========================================================================
Received Import Request.
  Time since last request: 0.000392 seconds.
  path: Assets/GUI_Kit_Casual_Game/ResourcesData/Sprite/Common/top_btn_left.png
  artifactKey: Guid(89bfafeec14b047a4ac5510b8751485d) Importer(815301076,1909f56bfc062723c751e8b465ee728b)
Start importing Assets/GUI_Kit_Casual_Game/ResourcesData/Sprite/Common/top_btn_left.png using Guid(89bfafeec14b047a4ac5510b8751485d) Importer(815301076,1909f56bfc062723c751e8b465ee728b)  -> (artifact id: 'cc736d31fdb86f92a51178eff95f8688') in 0.041734 seconds
  Import took 0.047353 seconds .

========================================================================
Received Import Request.
  Time since last request: 0.000387 seconds.
  path: Assets/GUI_Kit_Casual_Game/ResourcesData/Sprite/Common/top_status_btn_get_yellow.png
  artifactKey: Guid(d8dfea1100ec541b684f3101cad0d335) Importer(815301076,1909f56bfc062723c751e8b465ee728b)
Start importing Assets/GUI_Kit_Casual_Game/ResourcesData/Sprite/Common/top_status_btn_get_yellow.png using Guid(d8dfea1100ec541b684f3101cad0d335) Importer(815301076,1909f56bfc062723c751e8b465ee728b)  -> (artifact id: '5eb4b3392430b7380c551072b6ce3fc6') in 0.037232 seconds
  Import took 0.044729 seconds .

========================================================================
Received Import Request.
  Time since last request: 0.000437 seconds.
  path: Assets/GUI_Kit_Casual_Game/ResourcesData/Sprite/Common/top_status_btn_get_green.png
  artifactKey: Guid(1e4107dadfbe1487ebf4a991ecd58b4e) Importer(815301076,1909f56bfc062723c751e8b465ee728b)
Start importing Assets/GUI_Kit_Casual_Game/ResourcesData/Sprite/Common/top_status_btn_get_green.png using Guid(1e4107dadfbe1487ebf4a991ecd58b4e) Importer(815301076,1909f56bfc062723c751e8b465ee728b)  -> (artifact id: '3c7ac6e2e884021c780b1423ea18ad63') in 0.031890 seconds
  Import took 0.038512 seconds .

========================================================================
Received Import Request.
  Time since last request: 0.000471 seconds.
  path: Assets/GUI_Kit_Casual_Game/ResourcesData/Sprite/Common/txt_input_field_n.png
  artifactKey: Guid(1d48c180f78384887b54f3ce7bc8046f) Importer(815301076,1909f56bfc062723c751e8b465ee728b)
Start importing Assets/GUI_Kit_Casual_Game/ResourcesData/Sprite/Common/txt_input_field_n.png using Guid(1d48c180f78384887b54f3ce7bc8046f) Importer(815301076,1909f56bfc062723c751e8b465ee728b)  -> (artifact id: '35f605238eeb645aea06620265115a50') in 0.054595 seconds
  Import took 0.062573 seconds .

========================================================================
Received Import Request.
  Time since last request: 0.000155 seconds.
  path: Assets/GUI_Kit_Casual_Game/ResourcesData/Sprite/Common/top_btn_icon_exit.png
  artifactKey: Guid(2350fdbe01c4d42649eaf2b3259e2021) Importer(815301076,1909f56bfc062723c751e8b465ee728b)
Start importing Assets/GUI_Kit_Casual_Game/ResourcesData/Sprite/Common/top_btn_icon_exit.png using Guid(2350fdbe01c4d42649eaf2b3259e2021) Importer(815301076,1909f56bfc062723c751e8b465ee728b)  -> (artifact id: 'b51e2e3d5c73d91c92c870149267c01e') in 0.032988 seconds
  Import took 0.042270 seconds .

========================================================================
Received Import Request.
  Time since last request: 0.000418 seconds.
  path: Assets/GUI_Kit_Casual_Game/ResourcesData/Sprite/Common/top_btn_icon_home.png
  artifactKey: Guid(8ce7d0e9cb5184e2298eedeb3266e9be) Importer(815301076,1909f56bfc062723c751e8b465ee728b)
Start importing Assets/GUI_Kit_Casual_Game/ResourcesData/Sprite/Common/top_btn_icon_home.png using Guid(8ce7d0e9cb5184e2298eedeb3266e9be) Importer(815301076,1909f56bfc062723c751e8b465ee728b)  -> (artifact id: '743ccf3e443b27f61821b4c5d50d691f') in 0.032010 seconds
  Import took 0.040830 seconds .

========================================================================
Received Prepare
Registering precompiled user dll's ...
Registered in 0.046484 seconds.
Begin MonoManager ReloadAssembly
Native extension for WindowsStandalone target not found
Refreshing native plugins compatible for Editor in 1.15 ms, found 2 plugins.
Preloading 0 native plugins for Editor in 0.00 ms.
Invoked RoslynAnalysisRunner static constructor.
RoslynAnalysisRunner will not be running.
RoslynAnalysisRunner has terminated.
Mono: successfully reloaded assembly
- Completed reload, in  1.876 seconds
Platform modules already initialized, skipping
Switching build target platform(5) subTarget(0) extendedPlatform(0) -> platform(13) subTarget(537395200) extendedPlatform(0)
Refreshing native plugins compatible for Editor in 1.07 ms, found 2 plugins.
Preloading 0 native plugins for Editor in 0.00 ms.
Unloading 1639 Unused Serialized files (Serialized files now loaded: 0)
System memory in use before: 181.6 MB.
System memory in use after: 181.4 MB.

Unloading 22 unused Assets to reduce memory usage. Loaded Objects now: 2204.
Total: 4.455500 ms (FindLiveObjects: 0.355200 ms CreateObjectMapping: 0.100900 ms MarkObjects: 3.444300 ms  DeleteObjects: 0.552600 ms)

AssetImportParameters requested are different than current active one (requested -> active):
  custom:graphics/normal-map-encoding: 01000000000000000000000000000000 -> 02000000000000000000000000000000
========================================================================
Received Import Request.
  Time since last request: 483.581711 seconds.
  path: Assets/2.Scripts/GameController.cs
  artifactKey: Guid(fdff7a25545950642b135ba1f51a438d) Importer(815301076,1909f56bfc062723c751e8b465ee728b)
Start importing Assets/2.Scripts/GameController.cs using Guid(fdff7a25545950642b135ba1f51a438d) Importer(815301076,1909f56bfc062723c751e8b465ee728b)  -> (artifact id: '45f23e609d6bf5f2162b693700e713b5') in 0.069033 seconds
  Import took 0.075959 seconds .

========================================================================
Received Prepare
Registering precompiled user dll's ...
Registered in 0.017969 seconds.
Begin MonoManager ReloadAssembly
Native extension for WindowsStandalone target not found
Refreshing native plugins compatible for Editor in 1.47 ms, found 2 plugins.
Preloading 0 native plugins for Editor in 0.00 ms.
Invoked RoslynAnalysisRunner static constructor.
RoslynAnalysisRunner will not be running.
RoslynAnalysisRunner has terminated.
Mono: successfully reloaded assembly
- Completed reload, in  2.085 seconds
Platform modules already initialized, skipping
Switching build target platform(5) subTarget(0) extendedPlatform(0) -> platform(13) subTarget(537395200) extendedPlatform(0)
Refreshing native plugins compatible for Editor in 7.55 ms, found 2 plugins.
Preloading 0 native plugins for Editor in 0.00 ms.
Unloading 1639 Unused Serialized files (Serialized files now loaded: 0)
System memory in use before: 181.6 MB.
System memory in use after: 181.4 MB.

Unloading 22 unused Assets to reduce memory usage. Loaded Objects now: 2207.
Total: 7.658800 ms (FindLiveObjects: 0.846000 ms CreateObjectMapping: 0.319200 ms MarkObjects: 5.664200 ms  DeleteObjects: 0.826100 ms)

AssetImportParameters requested are different than current active one (requested -> active):
  custom:graphics/normal-map-encoding: 01000000000000000000000000000000 -> 02000000000000000000000000000000
========================================================================
Received Prepare
Registering precompiled user dll's ...
Registered in 0.017122 seconds.
Begin MonoManager ReloadAssembly
Native extension for WindowsStandalone target not found
Refreshing native plugins compatible for Editor in 1.40 ms, found 2 plugins.
Preloading 0 native plugins for Editor in 0.00 ms.
Invoked RoslynAnalysisRunner static constructor.
RoslynAnalysisRunner will not be running.
RoslynAnalysisRunner has terminated.
Mono: successfully reloaded assembly
- Completed reload, in  2.819 seconds
Platform modules already initialized, skipping
Switching build target platform(5) subTarget(0) extendedPlatform(0) -> platform(13) subTarget(537395200) extendedPlatform(0)
Refreshing native plugins compatible for Editor in 1.83 ms, found 2 plugins.
Preloading 0 native plugins for Editor in 0.00 ms.
Unloading 1639 Unused Serialized files (Serialized files now loaded: 0)
System memory in use before: 181.6 MB.
System memory in use after: 181.4 MB.

Unloading 22 unused Assets to reduce memory usage. Loaded Objects now: 2210.
Total: 9.030000 ms (FindLiveObjects: 0.544000 ms CreateObjectMapping: 0.118300 ms MarkObjects: 6.510900 ms  DeleteObjects: 1.852500 ms)

AssetImportParameters requested are different than current active one (requested -> active):
  custom:graphics/normal-map-encoding: 01000000000000000000000000000000 -> 02000000000000000000000000000000
========================================================================
Received Prepare
Registering precompiled user dll's ...
Registered in 0.036095 seconds.
Begin MonoManager ReloadAssembly
Native extension for WindowsStandalone target not found
Refreshing native plugins compatible for Editor in 1.02 ms, found 2 plugins.
Preloading 0 native plugins for Editor in 0.00 ms.
Invoked RoslynAnalysisRunner static constructor.
RoslynAnalysisRunner will not be running.
RoslynAnalysisRunner has terminated.
Mono: successfully reloaded assembly
- Completed reload, in  2.334 seconds
Platform modules already initialized, skipping
Switching build target platform(5) subTarget(0) extendedPlatform(0) -> platform(13) subTarget(537395200) extendedPlatform(0)
Refreshing native plugins compatible for Editor in 1.72 ms, found 2 plugins.
Preloading 0 native plugins for Editor in 0.00 ms.
Unloading 1639 Unused Serialized files (Serialized files now loaded: 0)
System memory in use before: 181.6 MB.
System memory in use after: 181.5 MB.

Unloading 22 unused Assets to reduce memory usage. Loaded Objects now: 2213.
Total: 5.672500 ms (FindLiveObjects: 0.373200 ms CreateObjectMapping: 0.096300 ms MarkObjects: 4.637100 ms  DeleteObjects: 0.562600 ms)

AssetImportParameters requested are different than current active one (requested -> active):
  custom:graphics/normal-map-encoding: 01000000000000000000000000000000 -> 02000000000000000000000000000000
========================================================================
Received Prepare
Registering precompiled user dll's ...
Registered in 0.016386 seconds.
Begin MonoManager ReloadAssembly
Native extension for WindowsStandalone target not found
Refreshing native plugins compatible for Editor in 1.03 ms, found 2 plugins.
Preloading 0 native plugins for Editor in 0.00 ms.
Invoked RoslynAnalysisRunner static constructor.
RoslynAnalysisRunner will not be running.
RoslynAnalysisRunner has terminated.
Mono: successfully reloaded assembly
- Completed reload, in  1.843 seconds
Platform modules already initialized, skipping
Switching build target platform(5) subTarget(0) extendedPlatform(0) -> platform(13) subTarget(537395200) extendedPlatform(0)
Refreshing native plugins compatible for Editor in 1.88 ms, found 2 plugins.
Preloading 0 native plugins for Editor in 0.00 ms.
Unloading 1639 Unused Serialized files (Serialized files now loaded: 0)
System memory in use before: 181.7 MB.
System memory in use after: 181.5 MB.

Unloading 22 unused Assets to reduce memory usage. Loaded Objects now: 2216.
Total: 11.693100 ms (FindLiveObjects: 0.372400 ms CreateObjectMapping: 0.093100 ms MarkObjects: 10.074900 ms  DeleteObjects: 1.149500 ms)

AssetImportParameters requested are different than current active one (requested -> active):
  custom:graphics/normal-map-encoding: 01000000000000000000000000000000 -> 02000000000000000000000000000000
AssetImportWorkerClient::OnTransportError - code=2 error=End of file
