Using pre-set license
Built from '2020.3/release' branch; Version is '2020.3.2f1 (8fd9074bf66c) revision 9427207'; Using compiler version '192528614'; Build Type 'Release'
OS: 'Windows 10 Pro; OS build 19042.1288; Version 2009; 64bit' Language: 'ko' Physical Memory: 10222 MB
BatchMode: 1, IsHumanControllingUs: 0, StartBugReporterOnCrash: 0, Is64bit: 1, IsPro: 0

 COMMAND LINE ARGUMENTS:
D:\unity\2020.3.2f1\Editor\Unity.exe
-adb2
-batchMode
-noUpm
-name
AssetImportWorker5
-projectPath
D:/unity/ShootingRun
-logFile
Logs/AssetImportWorker5.log
-srvPort
1163
Successfully changed project path to: D:/unity/ShootingRun
D:/unity/ShootingRun
Using Asset Import Pipeline V2.
Refreshing native plugins compatible for Editor in 345.44 ms, found 2 plugins.
Preloading 0 native plugins for Editor in 0.00 ms.
Initialize engine version: 2020.3.2f1 (8fd9074bf66c)
[Subsystems] Discovering subsystems at path D:/unity/2020.3.2f1/Editor/Data/Resources/UnitySubsystems
[Subsystems] Discovering subsystems at path D:/unity/ShootingRun/Assets
GfxDevice: creating device client; threaded=0
Direct3D:
    Version:  Direct3D 11.0 [level 11.0]
    Renderer: AMD Radeon HD 6450 (ID=0x6779)
    Vendor:   
    VRAM:     1008 MB
    Driver:   15.201.1151.1008
Shader 'Universal Render Pipeline/Particles/Lit': fallback shader 'Universal Render Pipeline/Particles/SimpleLit' not found
Shader 'CurvedShader': fallback shader 'Mobile/Unlit' not found
Initialize mono
Mono path[0] = 'D:/unity/2020.3.2f1/Editor/Data/Managed'
Mono path[1] = 'D:/unity/2020.3.2f1/Editor/Data/MonoBleedingEdge/lib/mono/unityjit'
Mono config path = 'D:/unity/2020.3.2f1/Editor/Data/MonoBleedingEdge/etc'
Using monoOptions --debugger-agent=transport=dt_socket,embedding=1,server=y,suspend=n,address=127.0.0.1:56692
Begin MonoManager ReloadAssembly
Registering precompiled unity dll's ...
Register platform support module: D:/unity/2020.3.2f1/Editor/Data/PlaybackEngines/WindowsStandaloneSupport/UnityEditor.WindowsStandalone.Extensions.dll
Registered in 0.001935 seconds.
Native extension for WindowsStandalone target not found
Refreshing native plugins compatible for Editor in 196.79 ms, found 2 plugins.
Preloading 0 native plugins for Editor in 0.00 ms.
Invoked RoslynAnalysisRunner static constructor.
RoslynAnalysisRunner will not be running.
RoslynAnalysisRunner has terminated.
Mono: successfully reloaded assembly
- Completed reload, in  2.942 seconds
Platform modules already initialized, skipping
Registering precompiled user dll's ...
Registered in 0.013536 seconds.
Begin MonoManager ReloadAssembly
Native extension for WindowsStandalone target not found
Refreshing native plugins compatible for Editor in 223.22 ms, found 2 plugins.
Preloading 0 native plugins for Editor in 0.00 ms.
Invoked RoslynAnalysisRunner static constructor.
RoslynAnalysisRunner will not be running.
RoslynAnalysisRunner has terminated.
Mono: successfully reloaded assembly
- Completed reload, in  2.754 seconds
Platform modules already initialized, skipping
========================================================================
Worker process is ready to serve import requests
Shader 'CurvedShader': fallback shader 'Mobile/Unlit' not found
Shader 'Universal Render Pipeline/Particles/Lit': fallback shader 'Universal Render Pipeline/Particles/SimpleLit' not found
Launched and connected shader compiler UnityShaderCompiler.exe after 0.10 seconds
D3D shader create error for vertex shader [0x80070057]
D3D shader create error for vertex shader [0x80070057]
D3D shader create error for vertex shader [0x80070057]
D3D shader create error for domain shader [0x80070057]
D3D shader create error for domain shader [0x80070057]
D3D shader create error for pixel shader [0x80070057]
D3D shader create error for vertex shader [0x80070057]
Refreshing native plugins compatible for Editor in 2.21 ms, found 2 plugins.
Preloading 0 native plugins for Editor in 0.00 ms.
Unloading 4276 Unused Serialized files (Serialized files now loaded: 0)
System memory in use before: 316.3 MB.
System memory in use after: 316.2 MB.

Unloading 27 unused Assets to reduce memory usage. Loaded Objects now: 4789.
Total: 4.802200 ms (FindLiveObjects: 0.606600 ms CreateObjectMapping: 0.261800 ms MarkObjects: 3.411300 ms  DeleteObjects: 0.519700 ms)

========================================================================
Received Import Request.
  path: Assets/0.Scenes/MainMenu.unity
  artifactKey: Guid(32119a3be403f604c88e1af2bd2653ff) Importer(815301076,1909f56bfc062723c751e8b465ee728b)
Start importing Assets/0.Scenes/MainMenu.unity using Guid(32119a3be403f604c88e1af2bd2653ff) Importer(815301076,1909f56bfc062723c751e8b465ee728b)  -> (artifact id: 'b31573f9245f3cdbd1403008c0900b91') in 0.042619 seconds
  Import took 0.053186 seconds .

========================================================================
Received Import Request.
  Time since last request: 567.593079 seconds.
  path: Assets/5.UI/Sprites/Character
  artifactKey: Guid(8cdb92a7f1e5a5d46a58375bc59bcfa2) Importer(815301076,1909f56bfc062723c751e8b465ee728b)
Start importing Assets/5.UI/Sprites/Character using Guid(8cdb92a7f1e5a5d46a58375bc59bcfa2) Importer(815301076,1909f56bfc062723c751e8b465ee728b)  -> (artifact id: '52a8d4191cfb0e3163c1aa299f811562') in 0.013257 seconds
  Import took 0.029668 seconds .

========================================================================
Received Import Request.
  Time since last request: 386.236029 seconds.
  path: Assets/5.UI/Sprites/Chapter
  artifactKey: Guid(8769a82923e22484cb77607c9b3a8fd7) Importer(815301076,1909f56bfc062723c751e8b465ee728b)
Start importing Assets/5.UI/Sprites/Chapter using Guid(8769a82923e22484cb77607c9b3a8fd7) Importer(815301076,1909f56bfc062723c751e8b465ee728b)  -> (artifact id: '53a405658b0d99014b45564866745e21') in 0.012647 seconds
  Import took 0.027865 seconds .

========================================================================
Received Prepare
Registering precompiled user dll's ...
Registered in 0.013532 seconds.
Begin MonoManager ReloadAssembly
Native extension for WindowsStandalone target not found
Refreshing native plugins compatible for Editor in 2.95 ms, found 2 plugins.
Preloading 0 native plugins for Editor in 0.00 ms.
Invoked RoslynAnalysisRunner static constructor.
RoslynAnalysisRunner will not be running.
RoslynAnalysisRunner has terminated.
Mono: successfully reloaded assembly
- Completed reload, in  2.009 seconds
Platform modules already initialized, skipping
Switching build target platform(5) subTarget(0) extendedPlatform(0) -> platform(13) subTarget(537395200) extendedPlatform(0)
Shader 'CurvedShader': fallback shader 'Mobile/Unlit' not found
Shader 'Universal Render Pipeline/Particles/Lit': fallback shader 'Universal Render Pipeline/Particles/SimpleLit' not found
Refreshing native plugins compatible for Editor in 2.00 ms, found 2 plugins.
Preloading 0 native plugins for Editor in 0.00 ms.
Unloading 4029 Unused Serialized files (Serialized files now loaded: 0)
System memory in use before: 289.0 MB.
System memory in use after: 289.0 MB.

Unloading 23 unused Assets to reduce memory usage. Loaded Objects now: 4824.
Total: 4.569000 ms (FindLiveObjects: 0.469900 ms CreateObjectMapping: 0.187900 ms MarkObjects: 3.490800 ms  DeleteObjects: 0.417800 ms)

AssetImportParameters requested are different than current active one (requested -> active):
  custom:graphics/normal-map-encoding: 01000000000000000000000000000000 -> 02000000000000000000000000000000
========================================================================
Received Prepare
Registering precompiled user dll's ...
Registered in 0.018475 seconds.
Begin MonoManager ReloadAssembly
Native extension for WindowsStandalone target not found
Refreshing native plugins compatible for Editor in 1.89 ms, found 2 plugins.
Preloading 0 native plugins for Editor in 0.00 ms.
Invoked RoslynAnalysisRunner static constructor.
RoslynAnalysisRunner will not be running.
RoslynAnalysisRunner has terminated.
Mono: successfully reloaded assembly
- Completed reload, in  2.061 seconds
Platform modules already initialized, skipping
Switching build target platform(5) subTarget(0) extendedPlatform(0) -> platform(13) subTarget(537395200) extendedPlatform(0)
Shader 'CurvedShader': fallback shader 'Mobile/Unlit' not found
Shader 'Universal Render Pipeline/Particles/Lit': fallback shader 'Universal Render Pipeline/Particles/SimpleLit' not found
Refreshing native plugins compatible for Editor in 2.46 ms, found 2 plugins.
Preloading 0 native plugins for Editor in 0.00 ms.
Unloading 4029 Unused Serialized files (Serialized files now loaded: 0)
System memory in use before: 289.1 MB.
System memory in use after: 289.1 MB.

Unloading 23 unused Assets to reduce memory usage. Loaded Objects now: 4859.
Total: 4.778400 ms (FindLiveObjects: 0.536600 ms CreateObjectMapping: 0.201800 ms MarkObjects: 3.579500 ms  DeleteObjects: 0.458500 ms)

AssetImportParameters requested are different than current active one (requested -> active):
  custom:graphics/normal-map-encoding: 01000000000000000000000000000000 -> 02000000000000000000000000000000
========================================================================
Received Import Request.
  Time since last request: 1203.452593 seconds.
  path: Assets/0.Scenes/Login.unity
  artifactKey: Guid(7daa473cd03d48441b91301e144ea31d) Importer(815301076,1909f56bfc062723c751e8b465ee728b)
Start importing Assets/0.Scenes/Login.unity using Guid(7daa473cd03d48441b91301e144ea31d) Importer(815301076,1909f56bfc062723c751e8b465ee728b)  -> (artifact id: '12a06505d6c67fac94c9c15fab14444f') in 0.029679 seconds
  Import took 0.046696 seconds .

========================================================================
Received Import Request.
  Time since last request: 0.005358 seconds.
  path: Assets/0.Scenes/Login.unity
  artifactKey: Guid(7daa473cd03d48441b91301e144ea31d) Importer(815301076,1909f56bfc062723c751e8b465ee728b)
Start importing Assets/0.Scenes/Login.unity using Guid(7daa473cd03d48441b91301e144ea31d) Importer(815301076,1909f56bfc062723c751e8b465ee728b)  -> (artifact id: '12a06505d6c67fac94c9c15fab14444f') in 0.004532 seconds
  Import took 0.017079 seconds .

========================================================================
Received Prepare
Registering precompiled user dll's ...
Registered in 0.014059 seconds.
Begin MonoManager ReloadAssembly
Native extension for WindowsStandalone target not found
Refreshing native plugins compatible for Editor in 1.79 ms, found 2 plugins.
Preloading 0 native plugins for Editor in 0.00 ms.
Invoked RoslynAnalysisRunner static constructor.
RoslynAnalysisRunner will not be running.
RoslynAnalysisRunner has terminated.
Mono: successfully reloaded assembly
- Completed reload, in  1.909 seconds
Platform modules already initialized, skipping
Switching build target platform(5) subTarget(0) extendedPlatform(0) -> platform(13) subTarget(537395200) extendedPlatform(0)
Shader 'CurvedShader': fallback shader 'Mobile/Unlit' not found
Shader 'Universal Render Pipeline/Particles/Lit': fallback shader 'Universal Render Pipeline/Particles/SimpleLit' not found
Refreshing native plugins compatible for Editor in 4.20 ms, found 2 plugins.
Preloading 0 native plugins for Editor in 0.00 ms.
Unloading 4029 Unused Serialized files (Serialized files now loaded: 0)
System memory in use before: 289.2 MB.
System memory in use after: 289.2 MB.

Unloading 23 unused Assets to reduce memory usage. Loaded Objects now: 4894.
Total: 6.336600 ms (FindLiveObjects: 0.870100 ms CreateObjectMapping: 0.478700 ms MarkObjects: 4.223900 ms  DeleteObjects: 0.761000 ms)

AssetImportParameters requested are different than current active one (requested -> active):
  custom:graphics/normal-map-encoding: 01000000000000000000000000000000 -> 02000000000000000000000000000000
AssetImportWorkerClient::OnTransportError - code=2 error=End of file
