Using pre-set license
Built from '2020.3/release' branch; Version is '2020.3.2f1 (8fd9074bf66c) revision 9427207'; Using compiler version '192528614'; Build Type 'Release'
OS: 'Windows 10 Pro; OS build 19042.1237; Version 2009; 64bit' Language: 'ko' Physical Memory: 10222 MB
BatchMode: 1, IsHumanControllingUs: 0, StartBugReporterOnCrash: 0, Is64bit: 1, IsPro: 0

 COMMAND LINE ARGUMENTS:
D:\unity\2020.3.2f1\Editor\Unity.exe
-adb2
-batchMode
-noUpm
-name
AssetImportWorker4
-projectPath
D:/unity/ShootingRun
-logFile
Logs/AssetImportWorker4.log
-srvPort
2061
Successfully changed project path to: D:/unity/ShootingRun
D:/unity/ShootingRun
Using Asset Import Pipeline V2.
Refreshing native plugins compatible for Editor in 187.03 ms, found 2 plugins.
Preloading 0 native plugins for Editor in 0.00 ms.
Initialize engine version: 2020.3.2f1 (8fd9074bf66c)
[Subsystems] Discovering subsystems at path D:/unity/2020.3.2f1/Editor/Data/Resources/UnitySubsystems
[Subsystems] Discovering subsystems at path D:/unity/ShootingRun/Assets
GfxDevice: creating device client; threaded=0
Direct3D:
    Version:  Direct3D 11.0 [level 11.0]
    Renderer: AMD Radeon HD 6450 (ID=0x6779)
    Vendor:   
    VRAM:     1008 MB
    Driver:   15.201.1151.1008
Shader 'Universal Render Pipeline/Particles/Lit': fallback shader 'Universal Render Pipeline/Particles/SimpleLit' not found
Shader 'CurvedShader': fallback shader 'Mobile/Unlit' not found
Initialize mono
Mono path[0] = 'D:/unity/2020.3.2f1/Editor/Data/Managed'
Mono path[1] = 'D:/unity/2020.3.2f1/Editor/Data/MonoBleedingEdge/lib/mono/unityjit'
Mono config path = 'D:/unity/2020.3.2f1/Editor/Data/MonoBleedingEdge/etc'
Using monoOptions --debugger-agent=transport=dt_socket,embedding=1,server=y,suspend=n,address=127.0.0.1:56652
Begin MonoManager ReloadAssembly
Registering precompiled unity dll's ...
Register platform support module: D:/unity/2020.3.2f1/Editor/Data/PlaybackEngines/WindowsStandaloneSupport/UnityEditor.WindowsStandalone.Extensions.dll
Registered in 0.002848 seconds.
Native extension for WindowsStandalone target not found
Refreshing native plugins compatible for Editor in 213.64 ms, found 2 plugins.
Preloading 0 native plugins for Editor in 0.00 ms.
Invoked RoslynAnalysisRunner static constructor.
RoslynAnalysisRunner will not be running.
RoslynAnalysisRunner has terminated.
Mono: successfully reloaded assembly
- Completed reload, in  3.107 seconds
Platform modules already initialized, skipping
Registering precompiled user dll's ...
Registered in 0.014967 seconds.
Begin MonoManager ReloadAssembly
Native extension for WindowsStandalone target not found
Refreshing native plugins compatible for Editor in 221.03 ms, found 2 plugins.
Preloading 0 native plugins for Editor in 0.00 ms.
Invoked RoslynAnalysisRunner static constructor.
RoslynAnalysisRunner will not be running.
RoslynAnalysisRunner has terminated.
Mono: successfully reloaded assembly
- Completed reload, in  3.696 seconds
Platform modules already initialized, skipping
========================================================================
Worker process is ready to serve import requests
Shader 'CurvedShader': fallback shader 'Mobile/Unlit' not found
Shader 'Universal Render Pipeline/Particles/Lit': fallback shader 'Universal Render Pipeline/Particles/SimpleLit' not found
Launched and connected shader compiler UnityShaderCompiler.exe after 0.10 seconds
D3D shader create error for vertex shader [0x80070057]
D3D shader create error for vertex shader [0x80070057]
D3D shader create error for vertex shader [0x80070057]
D3D shader create error for domain shader [0x80070057]
D3D shader create error for domain shader [0x80070057]
D3D shader create error for pixel shader [0x80070057]
D3D shader create error for vertex shader [0x80070057]
Refreshing native plugins compatible for Editor in 2.43 ms, found 2 plugins.
Preloading 0 native plugins for Editor in 0.00 ms.
Unloading 4276 Unused Serialized files (Serialized files now loaded: 0)
System memory in use before: 316.3 MB.
System memory in use after: 316.2 MB.

Unloading 27 unused Assets to reduce memory usage. Loaded Objects now: 4789.
Total: 4.680200 ms (FindLiveObjects: 0.525300 ms CreateObjectMapping: 0.190100 ms MarkObjects: 3.416000 ms  DeleteObjects: 0.546700 ms)

========================================================================
Received Import Request.
  path: Assets/0.Scenes/MainMenu.unity
  artifactKey: Guid(32119a3be403f604c88e1af2bd2653ff) Importer(815301076,1909f56bfc062723c751e8b465ee728b)
Start importing Assets/0.Scenes/MainMenu.unity using Guid(32119a3be403f604c88e1af2bd2653ff) Importer(815301076,1909f56bfc062723c751e8b465ee728b)  -> (artifact id: '321e6e0a0c3f8a88c7f59d3c166dfe94') in 0.053166 seconds
  Import took 0.065263 seconds .

========================================================================
Received Import Request.
  Time since last request: 0.000369 seconds.
  path: Assets/0.Scenes/Login.unity
  artifactKey: Guid(7daa473cd03d48441b91301e144ea31d) Importer(815301076,1909f56bfc062723c751e8b465ee728b)
Start importing Assets/0.Scenes/Login.unity using Guid(7daa473cd03d48441b91301e144ea31d) Importer(815301076,1909f56bfc062723c751e8b465ee728b)  -> (artifact id: '202536bc231d2f2705f3eb1d19614ec4') in 0.010519 seconds
  Import took 0.021220 seconds .

========================================================================
Received Import Request.
  Time since last request: 645.909469 seconds.
  path: Assets/5.UI/Sprites/UI
  artifactKey: Guid(bb2b3d47fc3f45845bc7edb917f4c259) Importer(815301076,1909f56bfc062723c751e8b465ee728b)
Start importing Assets/5.UI/Sprites/UI using Guid(bb2b3d47fc3f45845bc7edb917f4c259) Importer(815301076,1909f56bfc062723c751e8b465ee728b)  -> (artifact id: '3bcfc61001794261d97ec8c77134840f') in 0.012341 seconds
  Import took 0.029430 seconds .

========================================================================
Received Import Request.
  Time since last request: 0.000714 seconds.
  path: Assets/5.UI/Sprites/UI
  artifactKey: Guid(bb2b3d47fc3f45845bc7edb917f4c259) Importer(815301076,1909f56bfc062723c751e8b465ee728b)
Start importing Assets/5.UI/Sprites/UI using Guid(bb2b3d47fc3f45845bc7edb917f4c259) Importer(815301076,1909f56bfc062723c751e8b465ee728b)  -> (artifact id: '3bcfc61001794261d97ec8c77134840f') in 0.002921 seconds
  Import took 0.015635 seconds .

========================================================================
Received Import Request.
  Time since last request: 0.582523 seconds.
  path: Assets/5.UI/Sprites/InGame
  artifactKey: Guid(8a324cc9b1aa54549bff795a555f4b6a) Importer(815301076,1909f56bfc062723c751e8b465ee728b)
Start importing Assets/5.UI/Sprites/InGame using Guid(8a324cc9b1aa54549bff795a555f4b6a) Importer(815301076,1909f56bfc062723c751e8b465ee728b)  -> (artifact id: 'e87a84c781a62b41bf1dbb23ac887713') in 0.014881 seconds
  Import took 0.030474 seconds .

========================================================================
Received Import Request.
  Time since last request: 28.606870 seconds.
  path: Assets/5.UI/Sprites/제목 없음dd-1.png
  artifactKey: Guid(65ee3474847274440bf87f1e25f805dd) Importer(815301076,1909f56bfc062723c751e8b465ee728b)
Start importing Assets/5.UI/Sprites/제목 없음dd-1.png using Guid(65ee3474847274440bf87f1e25f805dd) Importer(815301076,1909f56bfc062723c751e8b465ee728b)  -> (artifact id: '83b8f4b4f831855bde7fd0729e786ce6') in 0.442903 seconds
  Import took 0.455910 seconds .

========================================================================
Received Import Request.
  Time since last request: 4.373283 seconds.
  path: Assets/5.UI/Sprites/제목 없음dd-1.png
  artifactKey: Guid(65ee3474847274440bf87f1e25f805dd) Importer(815301076,1909f56bfc062723c751e8b465ee728b)
Start importing Assets/5.UI/Sprites/제목 없음dd-1.png using Guid(65ee3474847274440bf87f1e25f805dd) Importer(815301076,1909f56bfc062723c751e8b465ee728b)  -> (artifact id: '8a1333f974d9a53dcf16e74b41fe4805') in 0.101406 seconds
  Import took 0.113492 seconds .

========================================================================
Received Import Request.
  Time since last request: 0.001456 seconds.
  path: Assets/5.UI/Sprites/제목 없음dd-1.png
  artifactKey: Guid(65ee3474847274440bf87f1e25f805dd) Importer(815301076,1909f56bfc062723c751e8b465ee728b)
Start importing Assets/5.UI/Sprites/제목 없음dd-1.png using Guid(65ee3474847274440bf87f1e25f805dd) Importer(815301076,1909f56bfc062723c751e8b465ee728b)  -> (artifact id: '8a1333f974d9a53dcf16e74b41fe4805') in 0.023066 seconds
  Import took 0.038111 seconds .

========================================================================
Received Prepare
Registering precompiled user dll's ...
Registered in 0.015860 seconds.
Begin MonoManager ReloadAssembly
Native extension for WindowsStandalone target not found
Refreshing native plugins compatible for Editor in 1.81 ms, found 2 plugins.
Preloading 0 native plugins for Editor in 0.00 ms.
Invoked RoslynAnalysisRunner static constructor.
RoslynAnalysisRunner will not be running.
RoslynAnalysisRunner has terminated.
Mono: successfully reloaded assembly
- Completed reload, in  1.990 seconds
Platform modules already initialized, skipping
Switching build target platform(5) subTarget(0) extendedPlatform(0) -> platform(13) subTarget(537395200) extendedPlatform(0)
Shader 'CurvedShader': fallback shader 'Mobile/Unlit' not found
Shader 'Universal Render Pipeline/Particles/Lit': fallback shader 'Universal Render Pipeline/Particles/SimpleLit' not found
Refreshing native plugins compatible for Editor in 2.29 ms, found 2 plugins.
Preloading 0 native plugins for Editor in 0.00 ms.
Unloading 4029 Unused Serialized files (Serialized files now loaded: 0)
System memory in use before: 292.0 MB.
System memory in use after: 291.9 MB.

Unloading 23 unused Assets to reduce memory usage. Loaded Objects now: 4831.
Total: 5.081200 ms (FindLiveObjects: 0.687100 ms CreateObjectMapping: 0.243600 ms MarkObjects: 3.737100 ms  DeleteObjects: 0.410600 ms)

AssetImportParameters requested are different than current active one (requested -> active):
  custom:graphics/normal-map-encoding: 01000000000000000000000000000000 -> 02000000000000000000000000000000
========================================================================
Received Import Request.
  Time since last request: 353.788340 seconds.
  path: Assets/0.Scenes/StageScene.unity
  artifactKey: Guid(9fc0d4010bbf28b4594072e72b8655ab) Importer(815301076,1909f56bfc062723c751e8b465ee728b)
Start importing Assets/0.Scenes/StageScene.unity using Guid(9fc0d4010bbf28b4594072e72b8655ab) Importer(815301076,1909f56bfc062723c751e8b465ee728b)  -> (artifact id: '66f0da73a5738537ce2e791494880d3c') in 0.032901 seconds
  Import took 0.046411 seconds .

========================================================================
Received Import Request.
  Time since last request: 160.338202 seconds.
  path: Assets/GUI_Kit_Casual_Game/ResourcesData/Sprite/Character_Passive
  artifactKey: Guid(56a193a5f86cc4901b29995e42d750dc) Importer(815301076,1909f56bfc062723c751e8b465ee728b)
Start importing Assets/GUI_Kit_Casual_Game/ResourcesData/Sprite/Character_Passive using Guid(56a193a5f86cc4901b29995e42d750dc) Importer(815301076,1909f56bfc062723c751e8b465ee728b)  -> (artifact id: '43b72f6ed5075022db1873364966c7c6') in 0.012386 seconds
  Import took 0.026733 seconds .

========================================================================
Received Import Request.
  Time since last request: 0.001192 seconds.
  path: Assets/GUI_Kit_Casual_Game/ResourcesData/Sprite/Character_Passive
  artifactKey: Guid(56a193a5f86cc4901b29995e42d750dc) Importer(815301076,1909f56bfc062723c751e8b465ee728b)
Start importing Assets/GUI_Kit_Casual_Game/ResourcesData/Sprite/Character_Passive using Guid(56a193a5f86cc4901b29995e42d750dc) Importer(815301076,1909f56bfc062723c751e8b465ee728b)  -> (artifact id: '43b72f6ed5075022db1873364966c7c6') in 0.005046 seconds
  Import took 0.017967 seconds .

========================================================================
Received Import Request.
  Time since last request: 1.192271 seconds.
  path: Assets/GUI_Kit_Casual_Game/ResourcesData/Sprite/Chat
  artifactKey: Guid(49f61c3892c0c4e49bb222a51b286505) Importer(815301076,1909f56bfc062723c751e8b465ee728b)
Start importing Assets/GUI_Kit_Casual_Game/ResourcesData/Sprite/Chat using Guid(49f61c3892c0c4e49bb222a51b286505) Importer(815301076,1909f56bfc062723c751e8b465ee728b)  -> (artifact id: 'ff7f322a4508f313fd8dbf9535bdd93a') in 0.024195 seconds
  Import took 0.037665 seconds .

========================================================================
Received Prepare
Registering precompiled user dll's ...
Registered in 0.015445 seconds.
Begin MonoManager ReloadAssembly
Native extension for WindowsStandalone target not found
Refreshing native plugins compatible for Editor in 1.79 ms, found 2 plugins.
Preloading 0 native plugins for Editor in 0.00 ms.
Invoked RoslynAnalysisRunner static constructor.
RoslynAnalysisRunner will not be running.
RoslynAnalysisRunner has terminated.
Mono: successfully reloaded assembly
- Completed reload, in  1.923 seconds
Platform modules already initialized, skipping
Switching build target platform(5) subTarget(0) extendedPlatform(0) -> platform(13) subTarget(537395200) extendedPlatform(0)
Shader 'CurvedShader': fallback shader 'Mobile/Unlit' not found
Shader 'Universal Render Pipeline/Particles/Lit': fallback shader 'Universal Render Pipeline/Particles/SimpleLit' not found
Refreshing native plugins compatible for Editor in 1.88 ms, found 2 plugins.
Preloading 0 native plugins for Editor in 0.00 ms.
Unloading 4029 Unused Serialized files (Serialized files now loaded: 0)
System memory in use before: 292.1 MB.
System memory in use after: 292.1 MB.

Unloading 23 unused Assets to reduce memory usage. Loaded Objects now: 4866.
Total: 4.125500 ms (FindLiveObjects: 0.454700 ms CreateObjectMapping: 0.186400 ms MarkObjects: 3.036400 ms  DeleteObjects: 0.445300 ms)

AssetImportParameters requested are different than current active one (requested -> active):
  custom:graphics/normal-map-encoding: 01000000000000000000000000000000 -> 02000000000000000000000000000000
========================================================================
Received Import Request.
  Time since last request: 11.356296 seconds.
  path: Assets/GUI_Kit_Casual_Game/ResourcesData/Sprite/Common
  artifactKey: Guid(b4f9e0db43d5a41e59519d800d7434ba) Importer(815301076,1909f56bfc062723c751e8b465ee728b)
Start importing Assets/GUI_Kit_Casual_Game/ResourcesData/Sprite/Common using Guid(b4f9e0db43d5a41e59519d800d7434ba) Importer(815301076,1909f56bfc062723c751e8b465ee728b)  -> (artifact id: '405473ef36b9767d901c34243a734f1c') in 0.018556 seconds
  Import took 0.032873 seconds .

========================================================================
Received Import Request.
  Time since last request: 58.765083 seconds.
  path: Assets/GUI_Kit_Casual_Game/ResourcesData/Sprite/Equipment_Inventory
  artifactKey: Guid(99bf95467be834baca856b33dbd7259e) Importer(815301076,1909f56bfc062723c751e8b465ee728b)
Start importing Assets/GUI_Kit_Casual_Game/ResourcesData/Sprite/Equipment_Inventory using Guid(99bf95467be834baca856b33dbd7259e) Importer(815301076,1909f56bfc062723c751e8b465ee728b)  -> (artifact id: 'c5a731f08448842c35fc396a178b5aa5') in 0.012714 seconds
  Import took 0.026550 seconds .

========================================================================
Received Import Request.
  Time since last request: 10.106284 seconds.
  path: Assets/GUI_Kit_Casual_Game/ResourcesData/Sprite/Shop
  artifactKey: Guid(7f172dc70b99e478ba7d53dbbecf830d) Importer(815301076,1909f56bfc062723c751e8b465ee728b)
Start importing Assets/GUI_Kit_Casual_Game/ResourcesData/Sprite/Shop using Guid(7f172dc70b99e478ba7d53dbbecf830d) Importer(815301076,1909f56bfc062723c751e8b465ee728b)  -> (artifact id: 'a7e46066cc782d80d15762f5ec7c3b4d') in 0.013201 seconds
  Import took 0.025474 seconds .

========================================================================
Received Import Request.
  Time since last request: 4.364504 seconds.
  path: Assets/GUI_Kit_Casual_Game/ResourcesData/Sprite/SettingLanguage
  artifactKey: Guid(996dcda81384343f8933fcbe04ed45ad) Importer(815301076,1909f56bfc062723c751e8b465ee728b)
Start importing Assets/GUI_Kit_Casual_Game/ResourcesData/Sprite/SettingLanguage using Guid(996dcda81384343f8933fcbe04ed45ad) Importer(815301076,1909f56bfc062723c751e8b465ee728b)  -> (artifact id: '921eed9e6648e88c721f02e32bbeb92d') in 0.017862 seconds
  Import took 0.037151 seconds .

========================================================================
Received Import Request.
  Time since last request: 0.757293 seconds.
  path: Assets/GUI_Kit_Casual_Game/ResourcesData/Sprite/Setting
  artifactKey: Guid(c1a3a57470b7644c6a8600cf7324a065) Importer(815301076,1909f56bfc062723c751e8b465ee728b)
Start importing Assets/GUI_Kit_Casual_Game/ResourcesData/Sprite/Setting using Guid(c1a3a57470b7644c6a8600cf7324a065) Importer(815301076,1909f56bfc062723c751e8b465ee728b)  -> (artifact id: '0b981a290d8d51113e354165c1353a07') in 0.010730 seconds
  Import took 0.024246 seconds .

========================================================================
Received Import Request.
  Time since last request: 0.581879 seconds.
  path: Assets/GUI_Kit_Casual_Game/ResourcesData/Sprite/RuneFuse
  artifactKey: Guid(9a9bd1864bafb49c4ae4553bb28adbd3) Importer(815301076,1909f56bfc062723c751e8b465ee728b)
Start importing Assets/GUI_Kit_Casual_Game/ResourcesData/Sprite/RuneFuse using Guid(9a9bd1864bafb49c4ae4553bb28adbd3) Importer(815301076,1909f56bfc062723c751e8b465ee728b)  -> (artifact id: '417d4a95773468373284d4955a65ea29') in 0.009812 seconds
  Import took 0.024563 seconds .

========================================================================
Received Import Request.
  Time since last request: 0.423271 seconds.
  path: Assets/GUI_Kit_Casual_Game/ResourcesData/Sprite/Roulette
  artifactKey: Guid(1b2f2d0ba340841a19676924f507d4d7) Importer(815301076,1909f56bfc062723c751e8b465ee728b)
Start importing Assets/GUI_Kit_Casual_Game/ResourcesData/Sprite/Roulette using Guid(1b2f2d0ba340841a19676924f507d4d7) Importer(815301076,1909f56bfc062723c751e8b465ee728b)  -> (artifact id: 'df2394bfdb76c9d65905195dce92ecce') in 0.013346 seconds
  Import took 0.024395 seconds .

========================================================================
Received Import Request.
  Time since last request: 0.217954 seconds.
  path: Assets/GUI_Kit_Casual_Game/ResourcesData/Sprite/Reward
  artifactKey: Guid(6b20be28215e542c2a71007fbfefd0ba) Importer(815301076,1909f56bfc062723c751e8b465ee728b)
Start importing Assets/GUI_Kit_Casual_Game/ResourcesData/Sprite/Reward using Guid(6b20be28215e542c2a71007fbfefd0ba) Importer(815301076,1909f56bfc062723c751e8b465ee728b)  -> (artifact id: 'db3b826518fd8c1e05e73ff98f2c325e') in 0.012186 seconds
  Import took 0.024282 seconds .

========================================================================
Received Import Request.
  Time since last request: 0.164896 seconds.
  path: Assets/GUI_Kit_Casual_Game/ResourcesData/Sprite/Rate
  artifactKey: Guid(b9c17a70fe7974597b98739a709a4a2f) Importer(815301076,1909f56bfc062723c751e8b465ee728b)
Start importing Assets/GUI_Kit_Casual_Game/ResourcesData/Sprite/Rate using Guid(b9c17a70fe7974597b98739a709a4a2f) Importer(815301076,1909f56bfc062723c751e8b465ee728b)  -> (artifact id: '554330eca1090b6785f762f9cb016ad4') in 0.021203 seconds
  Import took 0.045912 seconds .

========================================================================
Received Import Request.
  Time since last request: 0.106150 seconds.
  path: Assets/GUI_Kit_Casual_Game/ResourcesData/Sprite/Ranking
  artifactKey: Guid(16267968efc2c4422b420a769220de70) Importer(815301076,1909f56bfc062723c751e8b465ee728b)
Start importing Assets/GUI_Kit_Casual_Game/ResourcesData/Sprite/Ranking using Guid(16267968efc2c4422b420a769220de70) Importer(815301076,1909f56bfc062723c751e8b465ee728b)  -> (artifact id: '7dcd9f11403ddc4bf5c5ec3126c1f1ad') in 0.014086 seconds
  Import took 0.026209 seconds .

========================================================================
Received Import Request.
  Time since last request: 0.360355 seconds.
  path: Assets/GUI_Kit_Casual_Game/ResourcesData/Sprite/PopupSubscribe
  artifactKey: Guid(9307b4eb533754a82bc191d495912666) Importer(815301076,1909f56bfc062723c751e8b465ee728b)
Start importing Assets/GUI_Kit_Casual_Game/ResourcesData/Sprite/PopupSubscribe using Guid(9307b4eb533754a82bc191d495912666) Importer(815301076,1909f56bfc062723c751e8b465ee728b)  -> (artifact id: 'f3f01e71733a831aeac0939cd3a5df6d') in 0.025907 seconds
  Import took 0.038333 seconds .

========================================================================
Received Import Request.
  Time since last request: 0.114946 seconds.
  path: Assets/GUI_Kit_Casual_Game/ResourcesData/Sprite/Popup
  artifactKey: Guid(5695d6959b77c483e874d5374ab295b1) Importer(815301076,1909f56bfc062723c751e8b465ee728b)
Start importing Assets/GUI_Kit_Casual_Game/ResourcesData/Sprite/Popup using Guid(5695d6959b77c483e874d5374ab295b1) Importer(815301076,1909f56bfc062723c751e8b465ee728b)  -> (artifact id: 'b43f0ab96b5620933255d91bf2dd7139') in 0.010065 seconds
  Import took 0.022351 seconds .

========================================================================
Received Import Request.
  Time since last request: 0.176899 seconds.
  path: Assets/GUI_Kit_Casual_Game/ResourcesData/Sprite/PlayBattle_VS
  artifactKey: Guid(b2c724be983dc4e33b7a8d7a622ed374) Importer(815301076,1909f56bfc062723c751e8b465ee728b)
Start importing Assets/GUI_Kit_Casual_Game/ResourcesData/Sprite/PlayBattle_VS using Guid(b2c724be983dc4e33b7a8d7a622ed374) Importer(815301076,1909f56bfc062723c751e8b465ee728b)  -> (artifact id: 'c3c653d737c604450ecf773f25c01d41') in 0.013591 seconds
  Import took 0.025817 seconds .

========================================================================
Received Import Request.
  Time since last request: 0.081124 seconds.
  path: Assets/GUI_Kit_Casual_Game/ResourcesData/Sprite/Play_Continue_Pause_Result
  artifactKey: Guid(f4af54c401fe646ada00f5211e256ab0) Importer(815301076,1909f56bfc062723c751e8b465ee728b)
Start importing Assets/GUI_Kit_Casual_Game/ResourcesData/Sprite/Play_Continue_Pause_Result using Guid(f4af54c401fe646ada00f5211e256ab0) Importer(815301076,1909f56bfc062723c751e8b465ee728b)  -> (artifact id: '809bed14d50b4b8bd11d5d700241acbf') in 0.010241 seconds
  Import took 0.020882 seconds .

========================================================================
Received Import Request.
  Time since last request: 0.181130 seconds.
  path: Assets/GUI_Kit_Casual_Game/ResourcesData/Sprite/Play
  artifactKey: Guid(85f9a36fe16274493ab676692b113022) Importer(815301076,1909f56bfc062723c751e8b465ee728b)
Start importing Assets/GUI_Kit_Casual_Game/ResourcesData/Sprite/Play using Guid(85f9a36fe16274493ab676692b113022) Importer(815301076,1909f56bfc062723c751e8b465ee728b)  -> (artifact id: 'd736f845aa246ce40b32b492a0d274e7') in 0.022653 seconds
  Import took 0.033440 seconds .

========================================================================
Received Import Request.
  Time since last request: 0.461398 seconds.
  path: Assets/GUI_Kit_Casual_Game/ResourcesData/Sprite/Pass
  artifactKey: Guid(7117d79a771584c12b4bc7f40b18743b) Importer(815301076,1909f56bfc062723c751e8b465ee728b)
Start importing Assets/GUI_Kit_Casual_Game/ResourcesData/Sprite/Pass using Guid(7117d79a771584c12b4bc7f40b18743b) Importer(815301076,1909f56bfc062723c751e8b465ee728b)  -> (artifact id: '1fa56b38b5517730983dfc381394e730') in 0.011878 seconds
  Import took 0.025731 seconds .

========================================================================
Received Import Request.
  Time since last request: 0.278635 seconds.
  path: Assets/GUI_Kit_Casual_Game/ResourcesData/Sprite/OfflineReward
  artifactKey: Guid(000909184e5304f119c90c7838a387d2) Importer(815301076,1909f56bfc062723c751e8b465ee728b)
Start importing Assets/GUI_Kit_Casual_Game/ResourcesData/Sprite/OfflineReward using Guid(000909184e5304f119c90c7838a387d2) Importer(815301076,1909f56bfc062723c751e8b465ee728b)  -> (artifact id: '5fbf7859b3015ad36439d9bb99b55c64') in 0.016685 seconds
  Import took 0.032473 seconds .

========================================================================
Received Import Request.
  Time since last request: 0.114007 seconds.
  path: Assets/GUI_Kit_Casual_Game/ResourcesData/Sprite/Mission
  artifactKey: Guid(905f757f8bb774773bc3e82060e3f824) Importer(815301076,1909f56bfc062723c751e8b465ee728b)
Start importing Assets/GUI_Kit_Casual_Game/ResourcesData/Sprite/Mission using Guid(905f757f8bb774773bc3e82060e3f824) Importer(815301076,1909f56bfc062723c751e8b465ee728b)  -> (artifact id: '727b6a6975d8b381fcc083a3727b8216') in 0.012719 seconds
  Import took 0.025715 seconds .

========================================================================
Received Import Request.
  Time since last request: 0.159274 seconds.
  path: Assets/GUI_Kit_Casual_Game/ResourcesData/Sprite/LockScreen
  artifactKey: Guid(262cdbae735c34fee811e62aed1400e5) Importer(815301076,1909f56bfc062723c751e8b465ee728b)
Start importing Assets/GUI_Kit_Casual_Game/ResourcesData/Sprite/LockScreen using Guid(262cdbae735c34fee811e62aed1400e5) Importer(815301076,1909f56bfc062723c751e8b465ee728b)  -> (artifact id: '250e3843c35b20751d06f1c6bbe80a5f') in 0.010813 seconds
  Import took 0.021899 seconds .

========================================================================
Received Import Request.
  Time since last request: 0.386051 seconds.
  path: Assets/GUI_Kit_Casual_Game/ResourcesData/Sprite/Lobby_UserInfo
  artifactKey: Guid(916976b882de14d1789f3cebae0a243e) Importer(815301076,1909f56bfc062723c751e8b465ee728b)
Start importing Assets/GUI_Kit_Casual_Game/ResourcesData/Sprite/Lobby_UserInfo using Guid(916976b882de14d1789f3cebae0a243e) Importer(815301076,1909f56bfc062723c751e8b465ee728b)  -> (artifact id: 'ba6227892912a6ad720d34ae86958653') in 0.012036 seconds
  Import took 0.025459 seconds .

========================================================================
Received Import Request.
  Time since last request: 0.138043 seconds.
  path: Assets/GUI_Kit_Casual_Game/ResourcesData/Sprite/Lobby
  artifactKey: Guid(20d7fabcb541d4443af5eb5c825ffc31) Importer(815301076,1909f56bfc062723c751e8b465ee728b)
Start importing Assets/GUI_Kit_Casual_Game/ResourcesData/Sprite/Lobby using Guid(20d7fabcb541d4443af5eb5c825ffc31) Importer(815301076,1909f56bfc062723c751e8b465ee728b)  -> (artifact id: 'a0fd4f5c619876fa637fd973e1829a91') in 0.010470 seconds
  Import took 0.023833 seconds .

========================================================================
Received Import Request.
  Time since last request: 4.651382 seconds.
  path: Assets/GUI_Kit_Casual_Game/ResourcesData/Sprite/Loading
  artifactKey: Guid(a5c7ae76444584176b4c652704b1769a) Importer(815301076,1909f56bfc062723c751e8b465ee728b)
Start importing Assets/GUI_Kit_Casual_Game/ResourcesData/Sprite/Loading using Guid(a5c7ae76444584176b4c652704b1769a) Importer(815301076,1909f56bfc062723c751e8b465ee728b)  -> (artifact id: 'aa66a48955fe50ecbf7bd96c1b9e60c7') in 0.010675 seconds
  Import took 0.024837 seconds .

========================================================================
Received Import Request.
  Time since last request: 1.727399 seconds.
  path: Assets/GUI_Kit_Casual_Game/ResourcesData/Sprite/Levleup
  artifactKey: Guid(8d2c05b2406cd478ba695dd968b9f1d0) Importer(815301076,1909f56bfc062723c751e8b465ee728b)
Start importing Assets/GUI_Kit_Casual_Game/ResourcesData/Sprite/Levleup using Guid(8d2c05b2406cd478ba695dd968b9f1d0) Importer(815301076,1909f56bfc062723c751e8b465ee728b)  -> (artifact id: '1a93f6c45109aa0c060bb963c3d97bb7') in 0.017978 seconds
  Import took 0.038946 seconds .

========================================================================
Received Import Request.
  Time since last request: 1.002047 seconds.
  path: Assets/GUI_Kit_Casual_Game/ResourcesData/Sprite/LevelUp
  artifactKey: Guid(0f17b2ddcef3b43ec9e88443c0b72991) Importer(815301076,1909f56bfc062723c751e8b465ee728b)
Start importing Assets/GUI_Kit_Casual_Game/ResourcesData/Sprite/LevelUp using Guid(0f17b2ddcef3b43ec9e88443c0b72991) Importer(815301076,1909f56bfc062723c751e8b465ee728b)  -> (artifact id: 'b98bf2e3c16747e7a45571f5de70449c') in 0.034251 seconds
  Import took 0.046062 seconds .

========================================================================
Received Import Request.
  Time since last request: 0.887269 seconds.
  path: Assets/GUI_Kit_Casual_Game/ResourcesData/Sprite/Inbox
  artifactKey: Guid(d92734e730f2f4b97b6e41e8166d0fba) Importer(815301076,1909f56bfc062723c751e8b465ee728b)
Start importing Assets/GUI_Kit_Casual_Game/ResourcesData/Sprite/Inbox using Guid(d92734e730f2f4b97b6e41e8166d0fba) Importer(815301076,1909f56bfc062723c751e8b465ee728b)  -> (artifact id: '00320289c2ded0c91b8483c1d1288a8f') in 0.022825 seconds
  Import took 0.035946 seconds .

========================================================================
Received Import Request.
  Time since last request: 77.996517 seconds.
  path: Assets/GUI_Kit_Casual_Game/ResourcesData/Sprite/Clan
  artifactKey: Guid(879b178b46ee84f48871353be335cbf1) Importer(815301076,1909f56bfc062723c751e8b465ee728b)
Start importing Assets/GUI_Kit_Casual_Game/ResourcesData/Sprite/Clan using Guid(879b178b46ee84f48871353be335cbf1) Importer(815301076,1909f56bfc062723c751e8b465ee728b)  -> (artifact id: '943e11abc522fe918756ffbe09172901') in 0.012324 seconds
  Import took 0.023076 seconds .

========================================================================
Received Import Request.
  Time since last request: 14.919660 seconds.
  path: Assets/GUI_Kit_Casual_Game/ResourcesData/Sprite/Character_List_Select
  artifactKey: Guid(0490c2a3a63a14f019048386031255f0) Importer(815301076,1909f56bfc062723c751e8b465ee728b)
Start importing Assets/GUI_Kit_Casual_Game/ResourcesData/Sprite/Character_List_Select using Guid(0490c2a3a63a14f019048386031255f0) Importer(815301076,1909f56bfc062723c751e8b465ee728b)  -> (artifact id: '14ee269c0606d498129e89b2eb61ad65') in 0.012180 seconds
  Import took 0.023428 seconds .

========================================================================
Received Import Request.
  Time since last request: 5.266533 seconds.
  path: Assets/GUI_Kit_Casual_Game/ResourcesData/Sprite/AdRemove
  artifactKey: Guid(59f38a7cae6454f2199466739fbabec0) Importer(815301076,1909f56bfc062723c751e8b465ee728b)
Start importing Assets/GUI_Kit_Casual_Game/ResourcesData/Sprite/AdRemove using Guid(59f38a7cae6454f2199466739fbabec0) Importer(815301076,1909f56bfc062723c751e8b465ee728b)  -> (artifact id: 'af8c588ec421a672d9f76a49b23fde6d') in 0.010531 seconds
  Import took 0.029273 seconds .

========================================================================
Received Import Request.
  Time since last request: 0.010554 seconds.
  path: Assets/GUI_Kit_Casual_Game/ResourcesData/Sprite/AdRemove
  artifactKey: Guid(59f38a7cae6454f2199466739fbabec0) Importer(815301076,1909f56bfc062723c751e8b465ee728b)
Start importing Assets/GUI_Kit_Casual_Game/ResourcesData/Sprite/AdRemove using Guid(59f38a7cae6454f2199466739fbabec0) Importer(815301076,1909f56bfc062723c751e8b465ee728b)  -> (artifact id: 'af8c588ec421a672d9f76a49b23fde6d') in 0.004462 seconds
  Import took 0.016633 seconds .

========================================================================
Received Import Request.
  Time since last request: 5.507484 seconds.
  path: Assets/GUI_Kit_Casual_Game/ResourcesData/Sprite/Character_List_Select.spriteatlas
  artifactKey: Guid(14e689dcd13c74cbd8d4ad775e9bf455) Importer(815301076,1909f56bfc062723c751e8b465ee728b)
Start importing Assets/GUI_Kit_Casual_Game/ResourcesData/Sprite/Character_List_Select.spriteatlas using Guid(14e689dcd13c74cbd8d4ad775e9bf455) Importer(815301076,1909f56bfc062723c751e8b465ee728b)  -> (artifact id: 'd23509bfbf06e51b38daa3e0b57f4e83') in 0.048672 seconds
  Import took 0.061865 seconds .

========================================================================
Received Import Request.
  Time since last request: 0.664695 seconds.
  path: Assets/GUI_Kit_Casual_Game/ResourcesData/Sprite/Tutorial
  artifactKey: Guid(6f7f2c1d6181c40b583007ec2080a3cc) Importer(815301076,1909f56bfc062723c751e8b465ee728b)
Start importing Assets/GUI_Kit_Casual_Game/ResourcesData/Sprite/Tutorial using Guid(6f7f2c1d6181c40b583007ec2080a3cc) Importer(815301076,1909f56bfc062723c751e8b465ee728b)  -> (artifact id: '36429f53cb33286da6321e7a7c3444bb') in 0.014524 seconds
  Import took 0.028824 seconds .

========================================================================
Received Import Request.
  Time since last request: 2.431979 seconds.
  path: Assets/GUI_Kit_Casual_Game/ResourcesData/Sprite/Title
  artifactKey: Guid(ef1c4bb45e1a3400cb932764885f6fcb) Importer(815301076,1909f56bfc062723c751e8b465ee728b)
Start importing Assets/GUI_Kit_Casual_Game/ResourcesData/Sprite/Title using Guid(ef1c4bb45e1a3400cb932764885f6fcb) Importer(815301076,1909f56bfc062723c751e8b465ee728b)  -> (artifact id: '4797f7eee347457ca07c7b262cdd8e00') in 0.026137 seconds
  Import took 0.044610 seconds .

========================================================================
Received Import Request.
  Time since last request: 2.679414 seconds.
  path: Assets/GUI_Kit_Casual_Game/ResourcesData/Sprite/Stage
  artifactKey: Guid(76c23290b3e684259bac38ff5328a65f) Importer(815301076,1909f56bfc062723c751e8b465ee728b)
Start importing Assets/GUI_Kit_Casual_Game/ResourcesData/Sprite/Stage using Guid(76c23290b3e684259bac38ff5328a65f) Importer(815301076,1909f56bfc062723c751e8b465ee728b)  -> (artifact id: 'c2ca39459c4e374ebf857b1f17fbee3d') in 0.010575 seconds
  Import took 0.023292 seconds .

========================================================================
Received Import Request.
  Time since last request: 0.000777 seconds.
  path: Assets/GUI_Kit_Casual_Game/ResourcesData/Sprite/Stage
  artifactKey: Guid(76c23290b3e684259bac38ff5328a65f) Importer(815301076,1909f56bfc062723c751e8b465ee728b)
Start importing Assets/GUI_Kit_Casual_Game/ResourcesData/Sprite/Stage using Guid(76c23290b3e684259bac38ff5328a65f) Importer(815301076,1909f56bfc062723c751e8b465ee728b)  -> (artifact id: 'c2ca39459c4e374ebf857b1f17fbee3d') in 0.005676 seconds
  Import took 0.018770 seconds .

========================================================================
Received Import Request.
  Time since last request: 47.320360 seconds.
  path: Assets/GUI_Kit_Casual_Game/ResourcesData/Sprite
  artifactKey: Guid(fbe980cf9b040404da33e516deccf5d3) Importer(815301076,1909f56bfc062723c751e8b465ee728b)
Start importing Assets/GUI_Kit_Casual_Game/ResourcesData/Sprite using Guid(fbe980cf9b040404da33e516deccf5d3) Importer(815301076,1909f56bfc062723c751e8b465ee728b)  -> (artifact id: '707b1c9e30451166d013b85b0f594820') in 0.011853 seconds
  Import took 0.024048 seconds .

========================================================================
Received Import Request.
  Time since last request: 1.479544 seconds.
  path: Assets/GUI_Kit_Casual_Game/ResourcesData/Shader & Materials
  artifactKey: Guid(808d79036400341f2aecee4aa0fec7ab) Importer(815301076,1909f56bfc062723c751e8b465ee728b)
Start importing Assets/GUI_Kit_Casual_Game/ResourcesData/Shader & Materials using Guid(808d79036400341f2aecee4aa0fec7ab) Importer(815301076,1909f56bfc062723c751e8b465ee728b)  -> (artifact id: '8ace04790e9c85c1b8f76f13a85cec06') in 0.011870 seconds
  Import took 0.024255 seconds .

========================================================================
Received Import Request.
  Time since last request: 0.938944 seconds.
  path: Assets/GUI_Kit_Casual_Game/ResourcesData/Preview
  artifactKey: Guid(bae5154717f514593924bd0e0164b0e7) Importer(815301076,1909f56bfc062723c751e8b465ee728b)
Start importing Assets/GUI_Kit_Casual_Game/ResourcesData/Preview using Guid(bae5154717f514593924bd0e0164b0e7) Importer(815301076,1909f56bfc062723c751e8b465ee728b)  -> (artifact id: 'cbcd4ba1f89f97b27207034bc85c6e68') in 0.012328 seconds
  Import took 0.023987 seconds .

========================================================================
Received Import Request.
  Time since last request: 0.803696 seconds.
  path: Assets/GUI_Kit_Casual_Game/ResourcesData/Particle
  artifactKey: Guid(f28e19b42baa14be9a4d133aedf91da8) Importer(815301076,1909f56bfc062723c751e8b465ee728b)
Start importing Assets/GUI_Kit_Casual_Game/ResourcesData/Particle using Guid(f28e19b42baa14be9a4d133aedf91da8) Importer(815301076,1909f56bfc062723c751e8b465ee728b)  -> (artifact id: '37cddd1cd8f24119e34b4238df899cef') in 0.026200 seconds
  Import took 0.037778 seconds .

========================================================================
Received Import Request.
  Time since last request: 1.020136 seconds.
  path: Assets/GUI_Kit_Casual_Game/ResourcesData/Fonts
  artifactKey: Guid(56eb8fbbd6e7e4f1b951c497e9cdffce) Importer(815301076,1909f56bfc062723c751e8b465ee728b)
Start importing Assets/GUI_Kit_Casual_Game/ResourcesData/Fonts using Guid(56eb8fbbd6e7e4f1b951c497e9cdffce) Importer(815301076,1909f56bfc062723c751e8b465ee728b)  -> (artifact id: 'ef17a8ef10136bd80b3b277021b72da1') in 0.010969 seconds
  Import took 0.023563 seconds .

========================================================================
Received Import Request.
  Time since last request: 1.434634 seconds.
  path: Assets/GUI_Kit_Casual_Game/ResourcesData/Particle/Materials
  artifactKey: Guid(3d2e695c748e14cb69d3e188a9efec4c) Importer(815301076,1909f56bfc062723c751e8b465ee728b)
Start importing Assets/GUI_Kit_Casual_Game/ResourcesData/Particle/Materials using Guid(3d2e695c748e14cb69d3e188a9efec4c) Importer(815301076,1909f56bfc062723c751e8b465ee728b)  -> (artifact id: '769819533bd48c94f0bb51b3da93ac81') in 0.017631 seconds
  Import took 0.032629 seconds .

========================================================================
Received Import Request.
  Time since last request: 0.552957 seconds.
  path: Assets/GUI_Kit_Casual_Game/ResourcesData/Particle/Texture
  artifactKey: Guid(f2f2e20578a164c76ba69d6ea8547e8c) Importer(815301076,1909f56bfc062723c751e8b465ee728b)
Start importing Assets/GUI_Kit_Casual_Game/ResourcesData/Particle/Texture using Guid(f2f2e20578a164c76ba69d6ea8547e8c) Importer(815301076,1909f56bfc062723c751e8b465ee728b)  -> (artifact id: 'deeaabee6d82f45c4cdd34cc6bfa9999') in 0.011982 seconds
  Import took 0.022663 seconds .

========================================================================
Received Import Request.
  Time since last request: 1.610613 seconds.
  path: Assets/GUI_Kit_Casual_Game/ResourcesData/Animatons
  artifactKey: Guid(e2b891b0e7c4f4c5781585b2e66d3c2d) Importer(815301076,1909f56bfc062723c751e8b465ee728b)
Start importing Assets/GUI_Kit_Casual_Game/ResourcesData/Animatons using Guid(e2b891b0e7c4f4c5781585b2e66d3c2d) Importer(815301076,1909f56bfc062723c751e8b465ee728b)  -> (artifact id: '6854378cb1afae2db5747b86fedbd075') in 0.015349 seconds
  Import took 0.027119 seconds .

========================================================================
Received Import Request.
  Time since last request: 1.809307 seconds.
  path: Assets/GUI_Kit_Casual_Game/ResourcesData
  artifactKey: Guid(b43f73346a5e4ac4a84c9d07b05e62d0) Importer(815301076,1909f56bfc062723c751e8b465ee728b)
Start importing Assets/GUI_Kit_Casual_Game/ResourcesData using Guid(b43f73346a5e4ac4a84c9d07b05e62d0) Importer(815301076,1909f56bfc062723c751e8b465ee728b)  -> (artifact id: 'a12df3e86fb3ded789ed6c9c779ae39c') in 0.019342 seconds
  Import took 0.030982 seconds .

========================================================================
Received Import Request.
  Time since last request: 0.776471 seconds.
  path: Assets/GUI_Kit_Casual_Game/Scripts
  artifactKey: Guid(29454f878f280da498cea5e8182e158d) Importer(815301076,1909f56bfc062723c751e8b465ee728b)
Start importing Assets/GUI_Kit_Casual_Game/Scripts using Guid(29454f878f280da498cea5e8182e158d) Importer(815301076,1909f56bfc062723c751e8b465ee728b)  -> (artifact id: '4f8770c103b5cc76cd86584cfcb6e926') in 0.011478 seconds
  Import took 0.025810 seconds .

========================================================================
Received Import Request.
  Time since last request: 1.997130 seconds.
  path: Assets/GUI_Kit_Casual_Game/Prefabs
  artifactKey: Guid(9952dff978e90bb4ab8d87e7a3c2f0fa) Importer(815301076,1909f56bfc062723c751e8b465ee728b)
Start importing Assets/GUI_Kit_Casual_Game/Prefabs using Guid(9952dff978e90bb4ab8d87e7a3c2f0fa) Importer(815301076,1909f56bfc062723c751e8b465ee728b)  -> (artifact id: '25e8abd9a06f50d80ea1210e17b41688') in 0.029817 seconds
  Import took 0.041601 seconds .

========================================================================
Received Import Request.
  Time since last request: 1.318623 seconds.
  path: Assets/GUI_Kit_Casual_Game/Prefabs/Fx_Paticle
  artifactKey: Guid(94b6f0e33d6cd413e987ac5b0833e2b6) Importer(815301076,1909f56bfc062723c751e8b465ee728b)
Start importing Assets/GUI_Kit_Casual_Game/Prefabs/Fx_Paticle using Guid(94b6f0e33d6cd413e987ac5b0833e2b6) Importer(815301076,1909f56bfc062723c751e8b465ee728b)  -> (artifact id: 'db770a2f8280601c1cad45bc864cce3b') in 0.011871 seconds
  Import took 0.024784 seconds .

========================================================================
Received Import Request.
  Time since last request: 0.436569 seconds.
  path: Assets/GUI_Kit_Casual_Game/Prefabs/UI_Buttons
  artifactKey: Guid(801aceceddaf4407bab212c65f5b3e0d) Importer(815301076,1909f56bfc062723c751e8b465ee728b)
Start importing Assets/GUI_Kit_Casual_Game/Prefabs/UI_Buttons using Guid(801aceceddaf4407bab212c65f5b3e0d) Importer(815301076,1909f56bfc062723c751e8b465ee728b)  -> (artifact id: '327abd1621c6d05142a260c03e652b1e') in 0.011564 seconds
  Import took 0.022132 seconds .

========================================================================
Received Import Request.
  Time since last request: 0.152684 seconds.
  path: Assets/GUI_Kit_Casual_Game/Prefabs/UI_CommonUI
  artifactKey: Guid(434f0223e6db441dc917adaac3025cf1) Importer(815301076,1909f56bfc062723c751e8b465ee728b)
Start importing Assets/GUI_Kit_Casual_Game/Prefabs/UI_CommonUI using Guid(434f0223e6db441dc917adaac3025cf1) Importer(815301076,1909f56bfc062723c751e8b465ee728b)  -> (artifact id: '6f7d3ffe72a4e2b7eea8570725745d1a') in 0.012055 seconds
  Import took 0.025096 seconds .

========================================================================
Received Import Request.
  Time since last request: 6.112448 seconds.
  path: Assets/GUI_Kit_Casual_Game/Prefabs/UI_Other
  artifactKey: Guid(023ccd663b3704cc6b4255edc70d04f0) Importer(815301076,1909f56bfc062723c751e8b465ee728b)
Start importing Assets/GUI_Kit_Casual_Game/Prefabs/UI_Other using Guid(023ccd663b3704cc6b4255edc70d04f0) Importer(815301076,1909f56bfc062723c751e8b465ee728b)  -> (artifact id: '115faec31e76d1bca0c3c485baaa171b') in 0.011970 seconds
  Import took 0.026248 seconds .

========================================================================
Received Import Request.
  Time since last request: 5.958088 seconds.
  path: Assets/GUI_Kit_Casual_Game/Prefabs/UI_CommonUI/User_Info.prefab
  artifactKey: Guid(e5cbb938042ba43588aae41d8dc911e1) Importer(815301076,1909f56bfc062723c751e8b465ee728b)
Start importing Assets/GUI_Kit_Casual_Game/Prefabs/UI_CommonUI/User_Info.prefab using Guid(e5cbb938042ba43588aae41d8dc911e1) Importer(815301076,1909f56bfc062723c751e8b465ee728b)  -> (artifact id: 'd79ba819ca927c61996caf5f7cd1fed7') in 0.152045 seconds
  Import took 0.162542 seconds .

========================================================================
Received Import Request.
  Time since last request: 1.780425 seconds.
  path: Assets/GUI_Kit_Casual_Game/Prefabs/UI_CommonUI/Slider.prefab
  artifactKey: Guid(6076f0e94e7b7419691468e57ddd7d34) Importer(815301076,1909f56bfc062723c751e8b465ee728b)
Start importing Assets/GUI_Kit_Casual_Game/Prefabs/UI_CommonUI/Slider.prefab using Guid(6076f0e94e7b7419691468e57ddd7d34) Importer(815301076,1909f56bfc062723c751e8b465ee728b)  -> (artifact id: 'bae6a0630db280bfd1f4753685fa6a75') in 0.018829 seconds
  Import took 0.032462 seconds .

========================================================================
Received Import Request.
  Time since last request: 0.005514 seconds.
  path: Assets/GUI_Kit_Casual_Game/Prefabs/UI_CommonUI/Slider.prefab
  artifactKey: Guid(6076f0e94e7b7419691468e57ddd7d34) Importer(815301076,1909f56bfc062723c751e8b465ee728b)
Start importing Assets/GUI_Kit_Casual_Game/Prefabs/UI_CommonUI/Slider.prefab using Guid(6076f0e94e7b7419691468e57ddd7d34) Importer(815301076,1909f56bfc062723c751e8b465ee728b)  -> (artifact id: 'bae6a0630db280bfd1f4753685fa6a75') in 0.011357 seconds
  Import took 0.024118 seconds .

========================================================================
Received Import Request.
  Time since last request: 2.065861 seconds.
  path: Assets/GUI_Kit_Casual_Game
  artifactKey: Guid(d7738df100b9e9945acf572a1b80cc18) Importer(815301076,1909f56bfc062723c751e8b465ee728b)
Start importing Assets/GUI_Kit_Casual_Game using Guid(d7738df100b9e9945acf572a1b80cc18) Importer(815301076,1909f56bfc062723c751e8b465ee728b)  -> (artifact id: '287bc4789265d03429164d3b14ee469c') in 0.015264 seconds
  Import took 0.034326 seconds .

========================================================================
Received Import Request.
  Time since last request: 0.001010 seconds.
  path: Assets/GUI_Kit_Casual_Game
  artifactKey: Guid(d7738df100b9e9945acf572a1b80cc18) Importer(815301076,1909f56bfc062723c751e8b465ee728b)
Start importing Assets/GUI_Kit_Casual_Game using Guid(d7738df100b9e9945acf572a1b80cc18) Importer(815301076,1909f56bfc062723c751e8b465ee728b)  -> (artifact id: '287bc4789265d03429164d3b14ee469c') in 0.004694 seconds
  Import took 0.017490 seconds .

========================================================================
Received Import Request.
  Time since last request: 1.714163 seconds.
  path: Assets/GUI_Kit_Casual_Game/+Document README+
  artifactKey: Guid(9be5a2e927fe1f54fbfa37f6bc39b06f) Importer(815301076,1909f56bfc062723c751e8b465ee728b)
Start importing Assets/GUI_Kit_Casual_Game/+Document README+ using Guid(9be5a2e927fe1f54fbfa37f6bc39b06f) Importer(815301076,1909f56bfc062723c751e8b465ee728b)  -> (artifact id: '00729f60483d7fb214f39aea4c15db22') in 0.012438 seconds
  Import took 0.023440 seconds .

========================================================================
Received Import Request.
  Time since last request: 0.686212 seconds.
  path: Assets/GUI_Kit_Casual_Game/DemoScene.unity
  artifactKey: Guid(78addc77d730f4f38a4a7d5e73530376) Importer(815301076,1909f56bfc062723c751e8b465ee728b)
Start importing Assets/GUI_Kit_Casual_Game/DemoScene.unity using Guid(78addc77d730f4f38a4a7d5e73530376) Importer(815301076,1909f56bfc062723c751e8b465ee728b)  -> (artifact id: '1c6f99edab66c9e88130f477dcca8c3a') in 0.016092 seconds
  Import took 0.031825 seconds .

========================================================================
Received Prepare
Registering precompiled user dll's ...
Registered in 0.014145 seconds.
Begin MonoManager ReloadAssembly
Native extension for WindowsStandalone target not found
Refreshing native plugins compatible for Editor in 1.81 ms, found 2 plugins.
Preloading 0 native plugins for Editor in 0.00 ms.
Invoked RoslynAnalysisRunner static constructor.
RoslynAnalysisRunner will not be running.
RoslynAnalysisRunner has terminated.
Mono: successfully reloaded assembly
- Completed reload, in  2.027 seconds
Platform modules already initialized, skipping
Switching build target platform(5) subTarget(0) extendedPlatform(0) -> platform(13) subTarget(537395200) extendedPlatform(0)
Shader 'CurvedShader': fallback shader 'Mobile/Unlit' not found
Shader 'Universal Render Pipeline/Particles/Lit': fallback shader 'Universal Render Pipeline/Particles/SimpleLit' not found
Refreshing native plugins compatible for Editor in 1.91 ms, found 2 plugins.
Preloading 0 native plugins for Editor in 0.00 ms.
Unloading 4029 Unused Serialized files (Serialized files now loaded: 0)
System memory in use before: 292.8 MB.
System memory in use after: 292.8 MB.

Unloading 23 unused Assets to reduce memory usage. Loaded Objects now: 4901.
Total: 4.279600 ms (FindLiveObjects: 0.527800 ms CreateObjectMapping: 0.194500 ms MarkObjects: 3.081600 ms  DeleteObjects: 0.472700 ms)

AssetImportParameters requested are different than current active one (requested -> active):
  custom:graphics/normal-map-encoding: 01000000000000000000000000000000 -> 02000000000000000000000000000000
========================================================================
Received Import Request.
  Time since last request: 477.172064 seconds.
  path: Assets/0.Scenes/StageScene.unity
  artifactKey: Guid(9fc0d4010bbf28b4594072e72b8655ab) Importer(815301076,1909f56bfc062723c751e8b465ee728b)
Start importing Assets/0.Scenes/StageScene.unity using Guid(9fc0d4010bbf28b4594072e72b8655ab) Importer(815301076,1909f56bfc062723c751e8b465ee728b)  -> (artifact id: '12c238fdbcd22072d20d7fca64bcff9a') in 0.019170 seconds
  Import took 0.074266 seconds .

========================================================================
Received Import Request.
  Time since last request: 86.780018 seconds.
  path: Assets/GUI_Kit_Casual_Game/ResourcesData/Sprite/Equipment_Inventory/potion_red.png
  artifactKey: Guid(a39a58c98635c4040a423c195d49ee96) Importer(815301076,1909f56bfc062723c751e8b465ee728b)
Start importing Assets/GUI_Kit_Casual_Game/ResourcesData/Sprite/Equipment_Inventory/potion_red.png using Guid(a39a58c98635c4040a423c195d49ee96) Importer(815301076,1909f56bfc062723c751e8b465ee728b)  -> (artifact id: '438b4f4160bbfe31cf7e4da5c6285786') in 0.064191 seconds
  Import took 0.079885 seconds .

========================================================================
Received Import Request.
  Time since last request: 4.721113 seconds.
  path: Assets/GUI_Kit_Casual_Game/ResourcesData/Sprite/Equipment_Inventory/potion_red.png
  artifactKey: Guid(a39a58c98635c4040a423c195d49ee96) Importer(815301076,1909f56bfc062723c751e8b465ee728b)
Start importing Assets/GUI_Kit_Casual_Game/ResourcesData/Sprite/Equipment_Inventory/potion_red.png using Guid(a39a58c98635c4040a423c195d49ee96) Importer(815301076,1909f56bfc062723c751e8b465ee728b)  -> (artifact id: 'c6490404367fbd7d90cecef0134d2d1c') in 0.054535 seconds
  Import took 0.076250 seconds .

========================================================================
Received Import Request.
  Time since last request: 92.677333 seconds.
  path: Assets/5.UI/Sprites/arrow_up.png
  artifactKey: Guid(9f736206f3d2f334992d608b6f2b55e9) Importer(815301076,1909f56bfc062723c751e8b465ee728b)
Start importing Assets/5.UI/Sprites/arrow_up.png using Guid(9f736206f3d2f334992d608b6f2b55e9) Importer(815301076,1909f56bfc062723c751e8b465ee728b)  -> (artifact id: '510dfac35a2a74823801ea11c04556c2') in 0.025184 seconds
  Import took 0.051592 seconds .

========================================================================
Received Import Request.
  Time since last request: 0.004207 seconds.
  path: Assets/5.UI/Sprites/arrow_up.png
  artifactKey: Guid(9f736206f3d2f334992d608b6f2b55e9) Importer(815301076,1909f56bfc062723c751e8b465ee728b)
Start importing Assets/5.UI/Sprites/arrow_up.png using Guid(9f736206f3d2f334992d608b6f2b55e9) Importer(815301076,1909f56bfc062723c751e8b465ee728b)  -> (artifact id: '510dfac35a2a74823801ea11c04556c2') in 0.018117 seconds
  Import took 0.040020 seconds .

========================================================================
Received Import Request.
  Time since last request: 4.207837 seconds.
  path: Assets/5.UI/Sprites/arrow_up.png
  artifactKey: Guid(9f736206f3d2f334992d608b6f2b55e9) Importer(815301076,1909f56bfc062723c751e8b465ee728b)
Start importing Assets/5.UI/Sprites/arrow_up.png using Guid(9f736206f3d2f334992d608b6f2b55e9) Importer(815301076,1909f56bfc062723c751e8b465ee728b)  -> (artifact id: 'd3d819cda881b63e30a461d1aa80cdbd') in 0.025511 seconds
  Import took 0.038132 seconds .

========================================================================
Received Import Request.
  Time since last request: 1.553677 seconds.
  path: Assets/5.UI/Sprites/제목 없음232-1.png
  artifactKey: Guid(c3750ffe9857cb841bab25dea0dbb1ce) Importer(815301076,1909f56bfc062723c751e8b465ee728b)
Start importing Assets/5.UI/Sprites/제목 없음232-1.png using Guid(c3750ffe9857cb841bab25dea0dbb1ce) Importer(815301076,1909f56bfc062723c751e8b465ee728b)  -> (artifact id: 'adea51a8e98d0152a20374606aa30434') in 0.057473 seconds
  Import took 0.116956 seconds .

========================================================================
Received Import Request.
  Time since last request: 3.346937 seconds.
  path: Assets/5.UI/Sprites/제목 없음232-1.png
  artifactKey: Guid(c3750ffe9857cb841bab25dea0dbb1ce) Importer(815301076,1909f56bfc062723c751e8b465ee728b)
Start importing Assets/5.UI/Sprites/제목 없음232-1.png using Guid(c3750ffe9857cb841bab25dea0dbb1ce) Importer(815301076,1909f56bfc062723c751e8b465ee728b)  -> (artifact id: '7b898ea459676341709be4c19ef7ad10') in 0.025114 seconds
  Import took 0.039040 seconds .

========================================================================
Received Import Request.
  Time since last request: 263.492843 seconds.
  path: Assets/0.Scenes/ObstacleScene.unity
  artifactKey: Guid(eadac84a058e25449b6285ac366999ec) Importer(815301076,1909f56bfc062723c751e8b465ee728b)
Start importing Assets/0.Scenes/ObstacleScene.unity using Guid(eadac84a058e25449b6285ac366999ec) Importer(815301076,1909f56bfc062723c751e8b465ee728b)  -> (artifact id: '49c240413455cd25e07f0bbaa1d60b25') in 0.010013 seconds
  Import took 0.023985 seconds .

========================================================================
Received Prepare
Registering precompiled user dll's ...
Registered in 0.020434 seconds.
Begin MonoManager ReloadAssembly
Native extension for WindowsStandalone target not found
Refreshing native plugins compatible for Editor in 1.82 ms, found 2 plugins.
Preloading 0 native plugins for Editor in 0.00 ms.
Invoked RoslynAnalysisRunner static constructor.
RoslynAnalysisRunner will not be running.
RoslynAnalysisRunner has terminated.
Mono: successfully reloaded assembly
- Completed reload, in  2.071 seconds
Platform modules already initialized, skipping
Switching build target platform(5) subTarget(0) extendedPlatform(0) -> platform(13) subTarget(537395200) extendedPlatform(0)
Shader 'CurvedShader': fallback shader 'Mobile/Unlit' not found
Shader 'Universal Render Pipeline/Particles/Lit': fallback shader 'Universal Render Pipeline/Particles/SimpleLit' not found
Refreshing native plugins compatible for Editor in 2.82 ms, found 2 plugins.
Preloading 0 native plugins for Editor in 0.00 ms.
Unloading 4029 Unused Serialized files (Serialized files now loaded: 0)
System memory in use before: 292.9 MB.
System memory in use after: 292.9 MB.

Unloading 23 unused Assets to reduce memory usage. Loaded Objects now: 4942.
Total: 5.121200 ms (FindLiveObjects: 0.715600 ms CreateObjectMapping: 0.242100 ms MarkObjects: 3.709400 ms  DeleteObjects: 0.451400 ms)

AssetImportParameters requested are different than current active one (requested -> active):
  custom:graphics/normal-map-encoding: 01000000000000000000000000000000 -> 02000000000000000000000000000000
========================================================================
Received Import Request.
  Time since last request: 114.338992 seconds.
  path: Assets/5.UI/Sprites
  artifactKey: Guid(3d2cb1f1cbc6c2944908777618d7e3c2) Importer(815301076,1909f56bfc062723c751e8b465ee728b)
Start importing Assets/5.UI/Sprites using Guid(3d2cb1f1cbc6c2944908777618d7e3c2) Importer(815301076,1909f56bfc062723c751e8b465ee728b)  -> (artifact id: '1a94fe4a7562d9baa2ef7cf0a339fe6d') in 0.017332 seconds
  Import took 0.032037 seconds .

========================================================================
Received Import Request.
  Time since last request: 1.016593 seconds.
  path: Assets/5.UI/Sprites/제목 없음dd-1.png
  artifactKey: Guid(65ee3474847274440bf87f1e25f805dd) Importer(815301076,1909f56bfc062723c751e8b465ee728b)
Start importing Assets/5.UI/Sprites/제목 없음dd-1.png using Guid(65ee3474847274440bf87f1e25f805dd) Importer(815301076,1909f56bfc062723c751e8b465ee728b)  -> (artifact id: '14c5a81eb40fddb645359dcb27dac56e') in 0.051149 seconds
  Import took 0.067235 seconds .

========================================================================
Received Import Request.
  Time since last request: 0.013351 seconds.
  path: Assets/5.UI/Sprites/제목 없음dd-1.png
  artifactKey: Guid(65ee3474847274440bf87f1e25f805dd) Importer(815301076,1909f56bfc062723c751e8b465ee728b)
Start importing Assets/5.UI/Sprites/제목 없음dd-1.png using Guid(65ee3474847274440bf87f1e25f805dd) Importer(815301076,1909f56bfc062723c751e8b465ee728b)  -> (artifact id: '14c5a81eb40fddb645359dcb27dac56e') in 0.011378 seconds
  Import took 0.027302 seconds .

========================================================================
Received Import Request.
  Time since last request: 5.077642 seconds.
  path: Assets/5.UI/Sprites/제목 없음dd-1.png
  artifactKey: Guid(65ee3474847274440bf87f1e25f805dd) Importer(815301076,1909f56bfc062723c751e8b465ee728b)
Start importing Assets/5.UI/Sprites/제목 없음dd-1.png using Guid(65ee3474847274440bf87f1e25f805dd) Importer(815301076,1909f56bfc062723c751e8b465ee728b)  -> (artifact id: 'bf83b64c119618a8ad9da15372682484') in 0.062820 seconds
  Import took 0.078244 seconds .

AssetImportWorkerClient::OnTransportError - code=2 error=End of file
